<?xml version="1.0" encoding="UTF-8"?>
<testsuite xmlns:xsi="http://www.w3.org/2001/XMLSchema-instance" xsi:noNamespaceSchemaLocation="https://maven.apache.org/surefire/maven-surefire-plugin/xsd/surefire-test-report.xsd" name="graphics.scenery.tests.unit.NodeTests" time="1.568" tests="12" errors="0" skipped="0" failures="0">
  <properties>
    <property name="sun.desktop" value="windows"/>
    <property name="awt.toolkit" value="sun.awt.windows.WToolkit"/>
    <property name="file.encoding.pkg" value="sun.io"/>
    <property name="java.specification.version" value="1.8"/>
    <property name="sun.cpu.isalist" value="amd64"/>
    <property name="sun.jnu.encoding" value="Cp1252"/>
    <property name="java.class.path" value="C:\Users\elect\IdeaProjects\scenery\target\test-classes;C:\Users\elect\IdeaProjects\scenery\target\classes;C:\Users\elect\.m2\repository\org\jetbrains\kotlin\kotlin-stdlib-jdk8\1.3.21\kotlin-stdlib-jdk8-1.3.21.jar;C:\Users\elect\.m2\repository\org\jetbrains\kotlin\kotlin-stdlib\1.3.21\kotlin-stdlib-1.3.21.jar;C:\Users\elect\.m2\repository\org\jetbrains\kotlin\kotlin-stdlib-common\1.3.21\kotlin-stdlib-common-1.3.21.jar;C:\Users\elect\.m2\repository\org\jetbrains\annotations\13.0\annotations-13.0.jar;C:\Users\elect\.m2\repository\org\jetbrains\kotlin\kotlin-stdlib-jdk7\1.3.21\kotlin-stdlib-jdk7-1.3.21.jar;C:\Users\elect\.m2\repository\org\jetbrains\kotlin\kotlin-reflect\1.3.21\kotlin-reflect-1.3.21.jar;C:\Users\elect\.m2\repository\org\jetbrains\kotlinx\kotlinx-coroutines-core\1.1.1\kotlinx-coroutines-core-1.1.1.jar;C:\Users\elect\.m2\repository\org\jetbrains\kotlinx\kotlinx-coroutines-core-common\1.1.1\kotlinx-coroutines-core-common-1.1.1.jar;C:\Users\elect\.m2\repository\org\jogamp\gluegen\gluegen-rt-main\2.3.2\gluegen-rt-main-2.3.2.jar;C:\Users\elect\.m2\repository\org\jogamp\gluegen\gluegen-rt\2.3.2\gluegen-rt-2.3.2.jar;C:\Users\elect\.m2\repository\org\jogamp\gluegen\gluegen-rt\2.3.2\gluegen-rt-2.3.2-natives-android-aarch64.jar;C:\Users\elect\.m2\repository\org\jogamp\gluegen\gluegen-rt\2.3.2\gluegen-rt-2.3.2-natives-android-armv6.jar;C:\Users\elect\.m2\repository\org\jogamp\gluegen\gluegen-rt\2.3.2\gluegen-rt-2.3.2-natives-linux-amd64.jar;C:\Users\elect\.m2\repository\org\jogamp\gluegen\gluegen-rt\2.3.2\gluegen-rt-2.3.2-natives-linux-armv6.jar;C:\Users\elect\.m2\repository\org\jogamp\gluegen\gluegen-rt\2.3.2\gluegen-rt-2.3.2-natives-linux-armv6hf.jar;C:\Users\elect\.m2\repository\org\jogamp\gluegen\gluegen-rt\2.3.2\gluegen-rt-2.3.2-natives-linux-i586.jar;C:\Users\elect\.m2\repository\org\jogamp\gluegen\gluegen-rt\2.3.2\gluegen-rt-2.3.2-natives-macosx-universal.jar;C:\Users\elect\.m2\repository\org\jogamp\gluegen\gluegen-rt\2.3.2\gluegen-rt-2.3.2-natives-solaris-amd64.jar;C:\Users\elect\.m2\repository\org\jogamp\gluegen\gluegen-rt\2.3.2\gluegen-rt-2.3.2-natives-solaris-i586.jar;C:\Users\elect\.m2\repository\org\jogamp\gluegen\gluegen-rt\2.3.2\gluegen-rt-2.3.2-natives-windows-amd64.jar;C:\Users\elect\.m2\repository\org\jogamp\gluegen\gluegen-rt\2.3.2\gluegen-rt-2.3.2-natives-windows-i586.jar;C:\Users\elect\.m2\repository\org\jogamp\jogl\jogl-all-main\2.3.2\jogl-all-main-2.3.2.jar;C:\Users\elect\.m2\repository\org\jogamp\jogl\jogl-all\2.3.2\jogl-all-2.3.2.jar;C:\Users\elect\.m2\repository\org\jogamp\jogl\jogl-all\2.3.2\jogl-all-2.3.2-natives-android-aarch64.jar;C:\Users\elect\.m2\repository\org\jogamp\jogl\jogl-all\2.3.2\jogl-all-2.3.2-natives-android-armv6.jar;C:\Users\elect\.m2\repository\org\jogamp\jogl\jogl-all\2.3.2\jogl-all-2.3.2-natives-linux-amd64.jar;C:\Users\elect\.m2\repository\org\jogamp\jogl\jogl-all\2.3.2\jogl-all-2.3.2-natives-linux-armv6.jar;C:\Users\elect\.m2\repository\org\jogamp\jogl\jogl-all\2.3.2\jogl-all-2.3.2-natives-linux-armv6hf.jar;C:\Users\elect\.m2\repository\org\jogamp\jogl\jogl-all\2.3.2\jogl-all-2.3.2-natives-linux-i586.jar;C:\Users\elect\.m2\repository\org\jogamp\jogl\jogl-all\2.3.2\jogl-all-2.3.2-natives-macosx-universal.jar;C:\Users\elect\.m2\repository\org\jogamp\jogl\jogl-all\2.3.2\jogl-all-2.3.2-natives-solaris-amd64.jar;C:\Users\elect\.m2\repository\org\jogamp\jogl\jogl-all\2.3.2\jogl-all-2.3.2-natives-solaris-i586.jar;C:\Users\elect\.m2\repository\org\jogamp\jogl\jogl-all\2.3.2\jogl-all-2.3.2-natives-windows-amd64.jar;C:\Users\elect\.m2\repository\org\jogamp\jogl\jogl-all\2.3.2\jogl-all-2.3.2-natives-windows-i586.jar;C:\Users\elect\.m2\repository\junit\junit\4.12\junit-4.12.jar;C:\Users\elect\.m2\repository\org\hamcrest\hamcrest-core\1.3\hamcrest-core-1.3.jar;C:\Users\elect\.m2\repository\org\slf4j\slf4j-api\1.7.25\slf4j-api-1.7.25.jar;C:\Users\elect\.m2\repository\org\slf4j\slf4j-simple\1.7.25\slf4j-simple-1.7.25.jar;C:\Users\elect\.m2\repository\net\clearvolume\cleargl\2.2.5\cleargl-2.2.5.jar;C:\Users\elect\.m2\repository\net\clearcontrol\coremem\0.4.6\coremem-0.4.6.jar;C:\Users\elect\.m2\repository\com\nativelibs4java\bridj\0.7.0\bridj-0.7.0.jar;C:\Users\elect\.m2\repository\net\java\jinput\jinput\2.0.9\jinput-2.0.9.jar;C:\Users\elect\.m2\repository\net\java\jinput\jinput\2.0.9\jinput-2.0.9-natives-all.jar;C:\Users\elect\.m2\repository\org\scijava\scijava-common\2.76.1\scijava-common-2.76.1.jar;C:\Users\elect\.m2\repository\org\scijava\parsington\1.0.4\parsington-1.0.4.jar;C:\Users\elect\.m2\repository\org\bushe\eventbus\1.4\eventbus-1.4.jar;C:\Users\elect\.m2\repository\org\scijava\script-editor\0.4.0\script-editor-0.4.0.jar;C:\Users\elect\.m2\repository\org\scijava\scripting-java\0.4.1\scripting-java-0.4.1.jar;C:\Users\elect\.m2\repository\org\scijava\minimaven\2.2.1\minimaven-2.2.1.jar;C:\Users\elect\.m2\repository\com\fifesoft\rsyntaxtextarea\2.6.1\rsyntaxtextarea-2.6.1.jar;C:\Users\elect\.m2\repository\com\fifesoft\languagesupport\2.6.0\languagesupport-2.6.0.jar;C:\Users\elect\.m2\repository\com\fifesoft\autocomplete\2.6.1\autocomplete-2.6.1.jar;C:\Users\elect\.m2\repository\org\mozilla\rhino\1.7.6\rhino-1.7.6.jar;C:\Users\elect\.m2\repository\com\miglayout\miglayout\3.7.4\miglayout-3.7.4-swing.jar;C:\Users\elect\.m2\repository\org\scijava\batch-processor\0.3.0\batch-processor-0.3.0.jar;C:\Users\elect\.m2\repository\org\scijava\scijava-table\0.2.0\scijava-table-0.2.0.jar;C:\Users\elect\.m2\repository\org\scijava\scijava-ui-swing\0.12.0\scijava-ui-swing-0.12.0.jar;C:\Users\elect\.m2\repository\org\scijava\scijava-ui-awt\0.1.6\scijava-ui-awt-0.1.6.jar;C:\Users\elect\.m2\repository\org\scijava\swing-checkbox-tree\1.0.2\swing-checkbox-tree-1.0.2.jar;C:\Users\elect\.m2\repository\com\github\sbridges\object-inspector\object-inspector\0.1\object-inspector-0.1.jar;C:\Users\elect\.m2\repository\net\sourceforge\jdatepicker\jdatepicker\1.3.2\jdatepicker-1.3.2.jar;C:\Users\elect\.m2\repository\org\scijava\scijava-search\0.5.0\scijava-search-0.5.0.jar;C:\Users\elect\.m2\repository\org\ocpsoft\prettytime\prettytime\4.0.1.Final\prettytime-4.0.1.Final.jar;C:\Users\elect\.m2\repository\commons-io\commons-io\2.6\commons-io-2.6.jar;C:\Users\elect\.m2\repository\org\scijava\ui-behaviour\1.7.4\ui-behaviour-1.7.4.jar;C:\Users\elect\.m2\repository\com\google\code\gson\gson\2.8.5\gson-2.8.5.jar;C:\Users\elect\.m2\repository\org\yaml\snakeyaml\1.23\snakeyaml-1.23.jar;C:\Users\elect\.m2\repository\net\sf\trove4j\trove4j\3.0.3\trove4j-3.0.3.jar;C:\Users\elect\.m2\repository\org\scijava\scripting-javascript\0.4.4\scripting-javascript-0.4.4.jar;C:\Users\elect\.m2\repository\net\java\dev\jna\jna\4.5.2\jna-4.5.2.jar;C:\Users\elect\.m2\repository\net\java\dev\jna\jna-platform\4.5.2\jna-platform-4.5.2.jar;C:\Users\elect\.m2\repository\org\jocl\jocl\2.0.1\jocl-2.0.1.jar;C:\Users\elect\.m2\repository\org\lwjgl\lwjgl\3.2.1\lwjgl-3.2.1.jar;C:\Users\elect\.m2\repository\org\lwjgl\lwjgl-glfw\3.2.1\lwjgl-glfw-3.2.1.jar;C:\Users\elect\.m2\repository\org\lwjgl\lwjgl-jemalloc\3.2.1\lwjgl-jemalloc-3.2.1.jar;C:\Users\elect\.m2\repository\org\lwjgl\lwjgl-vulkan\3.2.1\lwjgl-vulkan-3.2.1.jar;C:\Users\elect\.m2\repository\org\lwjgl\lwjgl-opengl\3.2.1\lwjgl-opengl-3.2.1.jar;C:\Users\elect\.m2\repository\org\lwjgl\lwjgl-openvr\3.2.1\lwjgl-openvr-3.2.1.jar;C:\Users\elect\.m2\repository\org\lwjgl\lwjgl\3.2.1\lwjgl-3.2.1-natives-windows.jar;C:\Users\elect\.m2\repository\org\lwjgl\lwjgl-opengl\3.2.1\lwjgl-opengl-3.2.1-natives-windows.jar;C:\Users\elect\.m2\repository\org\lwjgl\lwjgl-glfw\3.2.1\lwjgl-glfw-3.2.1-natives-windows.jar;C:\Users\elect\.m2\repository\org\lwjgl\lwjgl-jemalloc\3.2.1\lwjgl-jemalloc-3.2.1-natives-windows.jar;C:\Users\elect\.m2\repository\org\lwjgl\lwjgl-openvr\3.2.1\lwjgl-openvr-3.2.1-natives-windows.jar;C:\Users\elect\.m2\repository\com\fasterxml\jackson\core\jackson-databind\2.9.8\jackson-databind-2.9.8.jar;C:\Users\elect\.m2\repository\com\fasterxml\jackson\core\jackson-annotations\2.9.0\jackson-annotations-2.9.0.jar;C:\Users\elect\.m2\repository\com\fasterxml\jackson\core\jackson-core\2.9.8\jackson-core-2.9.8.jar;C:\Users\elect\.m2\repository\com\fasterxml\jackson\module\jackson-module-kotlin\2.9.8\jackson-module-kotlin-2.9.8.jar;C:\Users\elect\.m2\repository\com\fasterxml\jackson\dataformat\jackson-dataformat-yaml\2.9.8\jackson-dataformat-yaml-2.9.8.jar;C:\Users\elect\.m2\repository\graphics\scenery\spirvcrossj\0.5.0-1.1.85\spirvcrossj-0.5.0-1.1.85.jar;C:\Users\elect\.m2\repository\graphics\scenery\spirvcrossj\0.5.0-1.1.85\spirvcrossj-0.5.0-1.1.85-natives-windows.jar;C:\Users\elect\.m2\repository\org\jetbrains\kotlin\kotlin-test-junit\1.3.21\kotlin-test-junit-1.3.21.jar;C:\Users\elect\.m2\repository\org\jetbrains\kotlin\kotlin-test-annotations-common\1.3.21\kotlin-test-annotations-common-1.3.21.jar;C:\Users\elect\.m2\repository\org\jetbrains\kotlin\kotlin-test\1.3.21\kotlin-test-1.3.21.jar;C:\Users\elect\.m2\repository\org\jetbrains\kotlin\kotlin-test-common\1.3.21\kotlin-test-common-1.3.21.jar;C:\Users\elect\.m2\repository\org\zeromq\jeromq\0.4.3\jeromq-0.4.3.jar;C:\Users\elect\.m2\repository\org\zeromq\jnacl\0.1.0\jnacl-0.1.0.jar;C:\Users\elect\.m2\repository\com\esotericsoftware\kryo\4.0.2\kryo-4.0.2.jar;C:\Users\elect\.m2\repository\com\esotericsoftware\reflectasm\1.11.3\reflectasm-1.11.3.jar;C:\Users\elect\.m2\repository\org\ow2\asm\asm\5.0.4\asm-5.0.4.jar;C:\Users\elect\.m2\repository\com\esotericsoftware\minlog\1.3.0\minlog-1.3.0.jar;C:\Users\elect\.m2\repository\org\objenesis\objenesis\2.5.1\objenesis-2.5.1.jar;C:\Users\elect\.m2\repository\org\msgpack\msgpack-core\0.8.16\msgpack-core-0.8.16.jar;C:\Users\elect\.m2\repository\org\msgpack\jackson-dataformat-msgpack\0.8.16\jackson-dataformat-msgpack-0.8.16.jar;C:\Users\elect\.m2\repository\graphics\scenery\jvrpn\1.1.0\jvrpn-1.1.0.jar;C:\Users\elect\.m2\repository\graphics\scenery\jvrpn\1.1.0\jvrpn-1.1.0-natives-windows.jar;C:\Users\elect\.m2\repository\io\scif\scifio\0.37.3\scifio-0.37.3.jar;C:\Users\elect\.m2\repository\io\scif\scifio-jai-imageio\1.1.1\scifio-jai-imageio-1.1.1.jar;C:\Users\elect\.m2\repository\net\imagej\imagej-common\0.28.0\imagej-common-0.28.0.jar;C:\Users\elect\.m2\repository\net\imglib2\imglib2-roi\0.7.0\imglib2-roi-0.7.0.jar;C:\Users\elect\.m2\repository\edu\ucar\udunits\4.3.18\udunits-4.3.18.jar;C:\Users\elect\.m2\repository\net\imglib2\imglib2\5.6.3\imglib2-5.6.3.jar;C:\Users\elect\.m2\repository\net\imglib2\imglib2-cache\1.0.0-beta-11\imglib2-cache-1.0.0-beta-11.jar;C:\Users\elect\.m2\repository\com\github\ben-manes\caffeine\caffeine\2.4.0\caffeine-2.4.0.jar;C:\Users\elect\.m2\repository\org\bytedeco\javacpp-presets\ffmpeg-platform\4.0.2-1.4.3\ffmpeg-platform-4.0.2-1.4.3.jar;C:\Users\elect\.m2\repository\org\bytedeco\javacpp-presets\ffmpeg\4.0.2-1.4.3\ffmpeg-4.0.2-1.4.3.jar;C:\Users\elect\.m2\repository\org\bytedeco\javacpp\1.4.3\javacpp-1.4.3.jar;C:\Users\elect\.m2\repository\org\bytedeco\javacpp-presets\ffmpeg\4.0.2-1.4.3\ffmpeg-4.0.2-1.4.3-android-arm.jar;C:\Users\elect\.m2\repository\org\bytedeco\javacpp-presets\ffmpeg\4.0.2-1.4.3\ffmpeg-4.0.2-1.4.3-android-arm64.jar;C:\Users\elect\.m2\repository\org\bytedeco\javacpp-presets\ffmpeg\4.0.2-1.4.3\ffmpeg-4.0.2-1.4.3-android-x86.jar;C:\Users\elect\.m2\repository\org\bytedeco\javacpp-presets\ffmpeg\4.0.2-1.4.3\ffmpeg-4.0.2-1.4.3-android-x86_64.jar;C:\Users\elect\.m2\repository\org\bytedeco\javacpp-presets\ffmpeg\4.0.2-1.4.3\ffmpeg-4.0.2-1.4.3-linux-x86.jar;C:\Users\elect\.m2\repository\org\bytedeco\javacpp-presets\ffmpeg\4.0.2-1.4.3\ffmpeg-4.0.2-1.4.3-linux-x86_64.jar;C:\Users\elect\.m2\repository\org\bytedeco\javacpp-presets\ffmpeg\4.0.2-1.4.3\ffmpeg-4.0.2-1.4.3-linux-armhf.jar;C:\Users\elect\.m2\repository\org\bytedeco\javacpp-presets\ffmpeg\4.0.2-1.4.3\ffmpeg-4.0.2-1.4.3-linux-ppc64le.jar;C:\Users\elect\.m2\repository\org\bytedeco\javacpp-presets\ffmpeg\4.0.2-1.4.3\ffmpeg-4.0.2-1.4.3-macosx-x86_64.jar;C:\Users\elect\.m2\repository\org\bytedeco\javacpp-presets\ffmpeg\4.0.2-1.4.3\ffmpeg-4.0.2-1.4.3-windows-x86.jar;C:\Users\elect\.m2\repository\org\bytedeco\javacpp-presets\ffmpeg\4.0.2-1.4.3\ffmpeg-4.0.2-1.4.3-windows-x86_64.jar;C:\Users\elect\.m2\repository\org\reflections\reflections\0.9.11\reflections-0.9.11.jar;C:\Users\elect\.m2\repository\com\google\guava\guava\21.0\guava-21.0.jar;C:\Users\elect\.m2\repository\org\javassist\javassist\3.24.0-GA\javassist-3.24.0-GA.jar;C:\Users\elect\.m2\repository\sc\fiji\bigvolumeviewer\0.1.2\bigvolumeviewer-0.1.2.jar;C:\Users\elect\.m2\repository\org\joml\joml\1.9.12\joml-1.9.12.jar;C:\Users\elect\.m2\repository\org\apache\commons\commons-math3\3.6.1\commons-math3-3.6.1.jar;C:\Users\elect\.m2\repository\sc\fiji\bigdataviewer-core\5.1.0\bigdataviewer-core-5.1.0.jar;C:\Users\elect\.m2\repository\net\imglib2\imglib2-realtransform\2.1.0\imglib2-realtransform-2.1.0.jar;C:\Users\elect\.m2\repository\gov\nist\math\jama\1.0.3\jama-1.0.3.jar;C:\Users\elect\.m2\repository\jitk\jitk-tps\3.0.0\jitk-tps-3.0.0.jar;C:\Users\elect\.m2\repository\com\googlecode\efficient-java-matrix-library\ejml\0.24\ejml-0.24.jar;C:\Users\elect\.m2\repository\log4j\log4j\1.2.17\log4j-1.2.17.jar;C:\Users\elect\.m2\repository\net\imglib2\imglib2-ui\2.0.0\imglib2-ui-2.0.0.jar;C:\Users\elect\.m2\repository\net\imglib2\imglib2-algorithm\0.11.1\imglib2-algorithm-0.11.1.jar;C:\Users\elect\.m2\repository\org\ojalgo\ojalgo\45.1.1\ojalgo-45.1.1.jar;C:\Users\elect\.m2\repository\sc\fiji\spim_data\2.2.2\spim_data-2.2.2.jar;C:\Users\elect\.m2\repository\cisd\jhdf5\14.12.6\jhdf5-14.12.6.jar;C:\Users\elect\.m2\repository\commons-lang\commons-lang\2.6\commons-lang-2.6.jar;C:\Users\elect\.m2\repository\org\jdom\jdom2\2.0.6\jdom2-2.0.6.jar;C:\Users\elect\.m2\repository\net\imglib2\imglib2-ij\2.0.0-beta-44\imglib2-ij-2.0.0-beta-44.jar;C:\Users\elect\.m2\repository\net\imagej\ij\1.52i\ij-1.52i.jar;C:\Users\elect\.m2\repository\net\imagej\imagej\2.0.0-rc-69\imagej-2.0.0-rc-69.jar;C:\Users\elect\.m2\repository\net\imagej\imagej-notebook\0.3.0\imagej-notebook-0.3.0.jar;C:\Users\elect\.m2\repository\net\imagej\imagej-ops\0.43.1\imagej-ops-0.43.1.jar;C:\Users\elect\.m2\repository\net\imagej\imagej-mesh\0.7.1\imagej-mesh-0.7.1.jar;C:\Users\elect\.m2\repository\net\imglib2\imglib2-algorithm-fft\0.2.0\imglib2-algorithm-fft-0.2.0.jar;C:\Users\elect\.m2\repository\edu\mines\mines-jtk\20151125\mines-jtk-20151125.jar;C:\Users\elect\.m2\repository\net\imagej\imagej-updater\0.9.3\imagej-updater-0.9.3.jar;C:\Users\elect\.m2\repository\net\imagej\imagej-plugins-batch\0.1.1\imagej-plugins-batch-0.1.1.jar;C:\Users\elect\.m2\repository\net\imagej\imagej-deprecated\0.1.2\imagej-deprecated-0.1.2.jar;C:\Users\elect\.m2\repository\net\imagej\imagej-plugins-commands\0.8.1\imagej-plugins-commands-0.8.1.jar;C:\Users\elect\.m2\repository\net\iharder\base64\2.3.8\base64-2.3.8.jar;C:\Users\elect\.m2\repository\net\imagej\imagej-plugins-tools\0.3.1\imagej-plugins-tools-0.3.1.jar;C:\Users\elect\.m2\repository\net\imagej\imagej-plugins-uploader-ssh\0.3.2\imagej-plugins-uploader-ssh-0.3.2.jar;C:\Users\elect\.m2\repository\com\jcraft\jsch\0.1.55\jsch-0.1.55.jar;C:\Users\elect\.m2\repository\net\imagej\imagej-plugins-uploader-webdav\0.2.2\imagej-plugins-uploader-webdav-0.2.2.jar;C:\Users\elect\.m2\repository\net\imagej\imagej-scripting\0.8.2\imagej-scripting-0.8.2.jar;C:\Users\elect\.m2\repository\org\scijava\scripting-beanshell\0.3.3\scripting-beanshell-0.3.3.jar;C:\Users\elect\.m2\repository\org\apache-extras\beanshell\bsh\2.0b6\bsh-2.0b6.jar;C:\Users\elect\.m2\repository\org\scijava\scripting-clojure\0.1.6\scripting-clojure-0.1.6.jar;C:\Users\elect\.m2\repository\org\clojure\clojure\1.8.0\clojure-1.8.0.jar;C:\Users\elect\.m2\repository\org\scijava\scripting-groovy\0.2.7\scripting-groovy-0.2.7.jar;C:\Users\elect\.m2\repository\org\codehaus\groovy\groovy\2.4.8\groovy-2.4.8.jar;C:\Users\elect\.m2\repository\org\apache\ivy\ivy\2.4.0\ivy-2.4.0.jar;C:\Users\elect\.m2\repository\org\codehaus\gpars\gpars\1.2.1\gpars-1.2.1.jar;C:\Users\elect\.m2\repository\org\multiverse\multiverse-core\0.7.0\multiverse-core-0.7.0.jar;C:\Users\elect\.m2\repository\org\codehaus\jsr166-mirror\jsr166y\1.7.0\jsr166y-1.7.0.jar;C:\Users\elect\.m2\repository\org\scijava\scripting-jruby\0.3.0\scripting-jruby-0.3.0.jar;C:\Users\elect\.m2\repository\org\jruby\jruby-core\9.1.17.0\jruby-core-9.1.17.0.jar;C:\Users\elect\.m2\repository\com\github\jnr\jnr-netdb\1.1.6\jnr-netdb-1.1.6.jar;C:\Users\elect\.m2\repository\com\github\jnr\jnr-enxio\0.16\jnr-enxio-0.16.jar;C:\Users\elect\.m2\repository\com\github\jnr\jnr-x86asm\1.0.2\jnr-x86asm-1.0.2.jar;C:\Users\elect\.m2\repository\com\github\jnr\jnr-unixsocket\0.17\jnr-unixsocket-0.17.jar;C:\Users\elect\.m2\repository\com\github\jnr\jnr-posix\3.0.44\jnr-posix-3.0.44.jar;C:\Users\elect\.m2\repository\com\github\jnr\jnr-constants\0.9.9\jnr-constants-0.9.9.jar;C:\Users\elect\.m2\repository\com\github\jnr\jffi\1.2.16\jffi-1.2.16.jar;C:\Users\elect\.m2\repository\com\github\jnr\jffi\1.2.16\jffi-1.2.16-native.jar;C:\Users\elect\.m2\repository\org\jruby\joni\joni\2.1.15\joni-2.1.15.jar;C:\Users\elect\.m2\repository\org\jruby\extras\bytelist\1.0.15\bytelist-1.0.15.jar;C:\Users\elect\.m2\repository\org\jruby\jcodings\jcodings\1.0.27\jcodings-1.0.27.jar;C:\Users\elect\.m2\repository\org\jruby\dirgra\0.3\dirgra-0.3.jar;C:\Users\elect\.m2\repository\com\headius\invokebinder\1.10\invokebinder-1.10.jar;C:\Users\elect\.m2\repository\com\headius\options\1.4\options-1.4.jar;C:\Users\elect\.m2\repository\com\headius\unsafe-fences\1.0\unsafe-fences-1.0.jar;C:\Users\elect\.m2\repository\com\jcraft\jzlib\1.1.3\jzlib-1.1.3.jar;C:\Users\elect\.m2\repository\com\martiansoftware\nailgun-server\0.9.1\nailgun-server-0.9.1.jar;C:\Users\elect\.m2\repository\joda-time\joda-time\2.10.1\joda-time-2.10.1.jar;C:\Users\elect\.m2\repository\com\headius\modulator\1.0\modulator-1.0.jar;C:\Users\elect\.m2\repository\org\jruby\jruby-stdlib\9.1.17.0\jruby-stdlib-9.1.17.0.jar;C:\Users\elect\.m2\repository\org\scijava\scripting-jython\0.4.2\scripting-jython-0.4.2.jar;C:\Users\elect\.m2\repository\org\scijava\jython-shaded\2.7.1\jython-shaded-2.7.1.jar;C:\Users\elect\.m2\repository\org\scijava\scripting-renjin\0.2.2\scripting-renjin-0.2.2.jar;C:\Users\elect\.m2\repository\org\renjin\renjin-script-engine\0.8.1906\renjin-script-engine-0.8.1906.jar;C:\Users\elect\.m2\repository\org\renjin\renjin-core\0.8.1906\renjin-core-0.8.1906.jar;C:\Users\elect\.m2\repository\org\apache\commons\commons-math\2.2\commons-math-2.2.jar;C:\Users\elect\.m2\repository\org\renjin\gcc-runtime\0.8.1906\gcc-runtime-0.8.1906.jar;C:\Users\elect\.m2\repository\org\netlib\netlib-java\0.9.3-renjin-patched-2\netlib-java-0.9.3-renjin-patched-2.jar;C:\Users\elect\.m2\repository\org\netlib\lapack\0.8\lapack-0.8.jar;C:\Users\elect\.m2\repository\org\netlib\f2jutil\0.8\f2jutil-0.8.jar;C:\Users\elect\.m2\repository\org\netlib\xerbla\0.8\xerbla-0.8.jar;C:\Users\elect\.m2\repository\org\netlib\blas\0.8\blas-0.8.jar;C:\Users\elect\.m2\repository\org\apache\commons\commons-vfs2\2.0\commons-vfs2-2.0.jar;C:\Users\elect\.m2\repository\commons-logging\commons-logging\1.2\commons-logging-1.2.jar;C:\Users\elect\.m2\repository\org\apache\maven\scm\maven-scm-api\1.4\maven-scm-api-1.4.jar;C:\Users\elect\.m2\repository\org\codehaus\plexus\plexus-utils\1.5.6\plexus-utils-1.5.6.jar;C:\Users\elect\.m2\repository\org\apache\maven\scm\maven-scm-provider-svnexe\1.4\maven-scm-provider-svnexe-1.4.jar;C:\Users\elect\.m2\repository\org\apache\maven\scm\maven-scm-provider-svn-commons\1.4\maven-scm-provider-svn-commons-1.4.jar;C:\Users\elect\.m2\repository\regexp\regexp\1.3\regexp-1.3.jar;C:\Users\elect\.m2\repository\org\apache\commons\commons-compress\1.4.1\commons-compress-1.4.1.jar;C:\Users\elect\.m2\repository\org\tukaani\xz\1.0\xz-1.0.jar;C:\Users\elect\.m2\repository\edu\emory\mathcs\jtransforms\2.4\jtransforms-2.4.jar;C:\Users\elect\.m2\repository\net\sf\jung\jung-api\2.0.1\jung-api-2.0.1.jar;C:\Users\elect\.m2\repository\net\sourceforge\collections\collections-generic\4.01\collections-generic-4.01.jar;C:\Users\elect\.m2\repository\net\sf\jung\jung-graph-impl\2.0.1\jung-graph-impl-2.0.1.jar;C:\Users\elect\.m2\repository\org\ow2\asm\asm-util\5.0.4\asm-util-5.0.4.jar;C:\Users\elect\.m2\repository\org\ow2\asm\asm-tree\5.0.4\asm-tree-5.0.4.jar;C:\Users\elect\.m2\repository\org\ow2\asm\asm-commons\5.0.4\asm-commons-5.0.4.jar;C:\Users\elect\.m2\repository\com\sun\codemodel\codemodel\2.6\codemodel-2.6.jar;C:\Users\elect\.m2\repository\org\renjin\stats\0.8.1906\stats-0.8.1906.jar;C:\Users\elect\.m2\repository\org\renjin\renjin-appl\0.8.1906\renjin-appl-0.8.1906.jar;C:\Users\elect\.m2\repository\org\renjin\renjin-gnur-runtime\0.8.1906\renjin-gnur-runtime-0.8.1906.jar;C:\Users\elect\.m2\repository\org\renjin\methods\0.8.1906\methods-0.8.1906.jar;C:\Users\elect\.m2\repository\org\renjin\datasets\0.8.1906\datasets-0.8.1906.jar;C:\Users\elect\.m2\repository\org\renjin\utils\0.8.1906\utils-0.8.1906.jar;C:\Users\elect\.m2\repository\org\renjin\grDevices\0.8.1906\grDevices-0.8.1906.jar;C:\Users\elect\.m2\repository\org\renjin\graphics\0.8.1906\graphics-0.8.1906.jar;C:\Users\elect\.m2\repository\org\scijava\scripting-scala\0.2.1\scripting-scala-0.2.1.jar;C:\Users\elect\.m2\repository\org\scala-lang\scala-compiler\2.12.1\scala-compiler-2.12.1.jar;C:\Users\elect\.m2\repository\org\scala-lang\scala-library\2.12.1\scala-library-2.12.1.jar;C:\Users\elect\.m2\repository\org\scala-lang\scala-reflect\2.12.1\scala-reflect-2.12.1.jar;C:\Users\elect\.m2\repository\org\scala-lang\modules\scala-xml_2.12\1.0.6\scala-xml_2.12-1.0.6.jar;C:\Users\elect\.m2\repository\net\imagej\imagej-ui-swing\0.22.0\imagej-ui-swing-0.22.0.jar;C:\Users\elect\.m2\repository\org\jfree\jfreechart\1.5.0\jfreechart-1.5.0.jar;C:\Users\elect\.m2\repository\org\jhotdraw\jhotdraw\7.6.0\jhotdraw-7.6.0.jar;C:\Users\elect\.m2\repository\net\imagej\imagej-ui-awt\0.3.1\imagej-ui-awt-0.3.1.jar;C:\Users\elect\.m2\repository\org\scijava\scijava-plugins-commands\0.2.3\scijava-plugins-commands-0.2.3.jar;C:\Users\elect\.m2\repository\org\scijava\scijava-plugins-platforms\0.3.1\scijava-plugins-platforms-0.3.1.jar;C:\Users\elect\.m2\repository\org\scijava\scijava-plugins-text-markdown\0.1.3\scijava-plugins-text-markdown-0.1.3.jar;C:\Users\elect\.m2\repository\org\markdownj\markdownj\0.3.0-1.0.2b4\markdownj-0.3.0-1.0.2b4.jar;C:\Users\elect\.m2\repository\org\scijava\scijava-plugins-text-plain\0.1.3\scijava-plugins-text-plain-0.1.3.jar;C:\Users\elect\.m2\repository\org\apache\commons\commons-lang3\3.8.1\commons-lang3-3.8.1.jar;C:\Users\elect\.m2\repository\org\antlr\ST4\4.0.8\ST4-4.0.8.jar;C:\Users\elect\.m2\repository\org\antlr\antlr-runtime\3.5.2\antlr-runtime-3.5.2.jar;C:\Users\elect\.m2\repository\org\lwjglx\lwjgl3-awt\0.1.1\lwjgl3-awt-0.1.1.jar;C:\Users\elect\.m2\repository\org\lwjgl\lwjgl-jawt\3.2.1\lwjgl-jawt-3.2.1.jar;C:\Users\elect\.m2\repository\com\github\kotlin-graphics\vkk\bedcbc3e66e03d32aa6e193d34743a3be4a5f8f2\vkk-bedcbc3e66e03d32aa6e193d34743a3be4a5f8f2.jar;C:\Users\elect\.m2\repository\com\github\kotlin-graphics\gli\968eb79758bf3475e8cf1a93f138b2a19aadd7a5\gli-968eb79758bf3475e8cf1a93f138b2a19aadd7a5.jar;C:\Users\elect\.m2\repository\com\github\kotlin-graphics\glm\glm\a1cafbd4e1bda500291b19a8d0cb75374f97688c\glm-a1cafbd4e1bda500291b19a8d0cb75374f97688c.jar;C:\Users\elect\.m2\repository\com\github\kotlin-graphics\kotlin-unsigned\0e3cc3ec155986f2100fee03cc143cbd3dfd0d84\kotlin-unsigned-0e3cc3ec155986f2100fee03cc143cbd3dfd0d84.jar;C:\Users\elect\.m2\repository\com\github\kotlin-graphics\kool\7c3dfaf417b00a0b7fe5dd273bf10291ebfe45d0\kool-7c3dfaf417b00a0b7fe5dd273bf10291ebfe45d0.jar;C:\Users\elect\.m2\repository\org\lwjgl\lwjgl-openal\3.2.2-SNAPSHOT\lwjgl-openal-3.2.2-SNAPSHOT.jar;C:\Users\elect\.m2\repository\org\lwjgl\lwjgl-stb\3.2.2-SNAPSHOT\lwjgl-stb-3.2.2-SNAPSHOT.jar;C:\Users\elect\.m2\repository\org\lwjgl\lwjgl\3.2.2-SNAPSHOT\lwjgl-3.2.2-SNAPSHOT-natives-linux.jar;C:\Users\elect\.m2\repository\org\lwjgl\lwjgl-glfw\3.2.2-SNAPSHOT\lwjgl-glfw-3.2.2-SNAPSHOT-natives-linux.jar;C:\Users\elect\.m2\repository\org\lwjgl\lwjgl-jemalloc\3.2.2-SNAPSHOT\lwjgl-jemalloc-3.2.2-SNAPSHOT-natives-linux.jar;C:\Users\elect\.m2\repository\org\lwjgl\lwjgl-openal\3.2.2-SNAPSHOT\lwjgl-openal-3.2.2-SNAPSHOT-natives-linux.jar;C:\Users\elect\.m2\repository\org\lwjgl\lwjgl-opengl\3.2.2-SNAPSHOT\lwjgl-opengl-3.2.2-SNAPSHOT-natives-linux.jar;C:\Users\elect\.m2\repository\org\lwjgl\lwjgl-stb\3.2.2-SNAPSHOT\lwjgl-stb-3.2.2-SNAPSHOT-natives-linux.jar;C:\Users\elect\.m2\repository\graphics\scenery\spirvcrossj\0.5.0-1.1.85\spirvcrossj-0.5.0-1.1.85-natives-linux.jar;"/>
    <property name="java.vm.vendor" value="Oracle Corporation"/>
    <property name="sun.arch.data.model" value="64"/>
    <property name="user.variant" value=""/>
    <property name="java.vendor.url" value="http://java.oracle.com/"/>
    <property name="user.timezone" value=""/>
    <property name="java.vm.specification.version" value="1.8"/>
    <property name="os.name" value="Windows 10"/>
    <property name="user.country" value="GB"/>
    <property name="sun.java.launcher" value="SUN_STANDARD"/>
    <property name="sun.boot.library.path" value="C:\Program Files\Java\jdk1.8.0_192\jre\bin"/>
    <property name="sun.java.command" value="C:\Users\elect\AppData\Local\Temp\surefire3286898741690722186\surefirebooter4958828531208526093.jar C:\Users\elect\AppData\Local\Temp\surefire3286898741690722186 2019-03-01T21-41-57_339-jvmRun1 surefire4021321927324934723tmp surefire_05207358215890244077tmp"/>
    <property name="surefire.test.class.path" value="C:\Users\elect\IdeaProjects\scenery\target\test-classes;C:\Users\elect\IdeaProjects\scenery\target\classes;C:\Users\elect\.m2\repository\org\jetbrains\kotlin\kotlin-stdlib-jdk8\1.3.21\kotlin-stdlib-jdk8-1.3.21.jar;C:\Users\elect\.m2\repository\org\jetbrains\kotlin\kotlin-stdlib\1.3.21\kotlin-stdlib-1.3.21.jar;C:\Users\elect\.m2\repository\org\jetbrains\kotlin\kotlin-stdlib-common\1.3.21\kotlin-stdlib-common-1.3.21.jar;C:\Users\elect\.m2\repository\org\jetbrains\annotations\13.0\annotations-13.0.jar;C:\Users\elect\.m2\repository\org\jetbrains\kotlin\kotlin-stdlib-jdk7\1.3.21\kotlin-stdlib-jdk7-1.3.21.jar;C:\Users\elect\.m2\repository\org\jetbrains\kotlin\kotlin-reflect\1.3.21\kotlin-reflect-1.3.21.jar;C:\Users\elect\.m2\repository\org\jetbrains\kotlinx\kotlinx-coroutines-core\1.1.1\kotlinx-coroutines-core-1.1.1.jar;C:\Users\elect\.m2\repository\org\jetbrains\kotlinx\kotlinx-coroutines-core-common\1.1.1\kotlinx-coroutines-core-common-1.1.1.jar;C:\Users\elect\.m2\repository\org\jogamp\gluegen\gluegen-rt-main\2.3.2\gluegen-rt-main-2.3.2.jar;C:\Users\elect\.m2\repository\org\jogamp\gluegen\gluegen-rt\2.3.2\gluegen-rt-2.3.2.jar;C:\Users\elect\.m2\repository\org\jogamp\gluegen\gluegen-rt\2.3.2\gluegen-rt-2.3.2-natives-android-aarch64.jar;C:\Users\elect\.m2\repository\org\jogamp\gluegen\gluegen-rt\2.3.2\gluegen-rt-2.3.2-natives-android-armv6.jar;C:\Users\elect\.m2\repository\org\jogamp\gluegen\gluegen-rt\2.3.2\gluegen-rt-2.3.2-natives-linux-amd64.jar;C:\Users\elect\.m2\repository\org\jogamp\gluegen\gluegen-rt\2.3.2\gluegen-rt-2.3.2-natives-linux-armv6.jar;C:\Users\elect\.m2\repository\org\jogamp\gluegen\gluegen-rt\2.3.2\gluegen-rt-2.3.2-natives-linux-armv6hf.jar;C:\Users\elect\.m2\repository\org\jogamp\gluegen\gluegen-rt\2.3.2\gluegen-rt-2.3.2-natives-linux-i586.jar;C:\Users\elect\.m2\repository\org\jogamp\gluegen\gluegen-rt\2.3.2\gluegen-rt-2.3.2-natives-macosx-universal.jar;C:\Users\elect\.m2\repository\org\jogamp\gluegen\gluegen-rt\2.3.2\gluegen-rt-2.3.2-natives-solaris-amd64.jar;C:\Users\elect\.m2\repository\org\jogamp\gluegen\gluegen-rt\2.3.2\gluegen-rt-2.3.2-natives-solaris-i586.jar;C:\Users\elect\.m2\repository\org\jogamp\gluegen\gluegen-rt\2.3.2\gluegen-rt-2.3.2-natives-windows-amd64.jar;C:\Users\elect\.m2\repository\org\jogamp\gluegen\gluegen-rt\2.3.2\gluegen-rt-2.3.2-natives-windows-i586.jar;C:\Users\elect\.m2\repository\org\jogamp\jogl\jogl-all-main\2.3.2\jogl-all-main-2.3.2.jar;C:\Users\elect\.m2\repository\org\jogamp\jogl\jogl-all\2.3.2\jogl-all-2.3.2.jar;C:\Users\elect\.m2\repository\org\jogamp\jogl\jogl-all\2.3.2\jogl-all-2.3.2-natives-android-aarch64.jar;C:\Users\elect\.m2\repository\org\jogamp\jogl\jogl-all\2.3.2\jogl-all-2.3.2-natives-android-armv6.jar;C:\Users\elect\.m2\repository\org\jogamp\jogl\jogl-all\2.3.2\jogl-all-2.3.2-natives-linux-amd64.jar;C:\Users\elect\.m2\repository\org\jogamp\jogl\jogl-all\2.3.2\jogl-all-2.3.2-natives-linux-armv6.jar;C:\Users\elect\.m2\repository\org\jogamp\jogl\jogl-all\2.3.2\jogl-all-2.3.2-natives-linux-armv6hf.jar;C:\Users\elect\.m2\repository\org\jogamp\jogl\jogl-all\2.3.2\jogl-all-2.3.2-natives-linux-i586.jar;C:\Users\elect\.m2\repository\org\jogamp\jogl\jogl-all\2.3.2\jogl-all-2.3.2-natives-macosx-universal.jar;C:\Users\elect\.m2\repository\org\jogamp\jogl\jogl-all\2.3.2\jogl-all-2.3.2-natives-solaris-amd64.jar;C:\Users\elect\.m2\repository\org\jogamp\jogl\jogl-all\2.3.2\jogl-all-2.3.2-natives-solaris-i586.jar;C:\Users\elect\.m2\repository\org\jogamp\jogl\jogl-all\2.3.2\jogl-all-2.3.2-natives-windows-amd64.jar;C:\Users\elect\.m2\repository\org\jogamp\jogl\jogl-all\2.3.2\jogl-all-2.3.2-natives-windows-i586.jar;C:\Users\elect\.m2\repository\junit\junit\4.12\junit-4.12.jar;C:\Users\elect\.m2\repository\org\hamcrest\hamcrest-core\1.3\hamcrest-core-1.3.jar;C:\Users\elect\.m2\repository\org\slf4j\slf4j-api\1.7.25\slf4j-api-1.7.25.jar;C:\Users\elect\.m2\repository\org\slf4j\slf4j-simple\1.7.25\slf4j-simple-1.7.25.jar;C:\Users\elect\.m2\repository\net\clearvolume\cleargl\2.2.5\cleargl-2.2.5.jar;C:\Users\elect\.m2\repository\net\clearcontrol\coremem\0.4.6\coremem-0.4.6.jar;C:\Users\elect\.m2\repository\com\nativelibs4java\bridj\0.7.0\bridj-0.7.0.jar;C:\Users\elect\.m2\repository\net\java\jinput\jinput\2.0.9\jinput-2.0.9.jar;C:\Users\elect\.m2\repository\net\java\jinput\jinput\2.0.9\jinput-2.0.9-natives-all.jar;C:\Users\elect\.m2\repository\org\scijava\scijava-common\2.76.1\scijava-common-2.76.1.jar;C:\Users\elect\.m2\repository\org\scijava\parsington\1.0.4\parsington-1.0.4.jar;C:\Users\elect\.m2\repository\org\bushe\eventbus\1.4\eventbus-1.4.jar;C:\Users\elect\.m2\repository\org\scijava\script-editor\0.4.0\script-editor-0.4.0.jar;C:\Users\elect\.m2\repository\org\scijava\scripting-java\0.4.1\scripting-java-0.4.1.jar;C:\Users\elect\.m2\repository\org\scijava\minimaven\2.2.1\minimaven-2.2.1.jar;C:\Users\elect\.m2\repository\com\fifesoft\rsyntaxtextarea\2.6.1\rsyntaxtextarea-2.6.1.jar;C:\Users\elect\.m2\repository\com\fifesoft\languagesupport\2.6.0\languagesupport-2.6.0.jar;C:\Users\elect\.m2\repository\com\fifesoft\autocomplete\2.6.1\autocomplete-2.6.1.jar;C:\Users\elect\.m2\repository\org\mozilla\rhino\1.7.6\rhino-1.7.6.jar;C:\Users\elect\.m2\repository\com\miglayout\miglayout\3.7.4\miglayout-3.7.4-swing.jar;C:\Users\elect\.m2\repository\org\scijava\batch-processor\0.3.0\batch-processor-0.3.0.jar;C:\Users\elect\.m2\repository\org\scijava\scijava-table\0.2.0\scijava-table-0.2.0.jar;C:\Users\elect\.m2\repository\org\scijava\scijava-ui-swing\0.12.0\scijava-ui-swing-0.12.0.jar;C:\Users\elect\.m2\repository\org\scijava\scijava-ui-awt\0.1.6\scijava-ui-awt-0.1.6.jar;C:\Users\elect\.m2\repository\org\scijava\swing-checkbox-tree\1.0.2\swing-checkbox-tree-1.0.2.jar;C:\Users\elect\.m2\repository\com\github\sbridges\object-inspector\object-inspector\0.1\object-inspector-0.1.jar;C:\Users\elect\.m2\repository\net\sourceforge\jdatepicker\jdatepicker\1.3.2\jdatepicker-1.3.2.jar;C:\Users\elect\.m2\repository\org\scijava\scijava-search\0.5.0\scijava-search-0.5.0.jar;C:\Users\elect\.m2\repository\org\ocpsoft\prettytime\prettytime\4.0.1.Final\prettytime-4.0.1.Final.jar;C:\Users\elect\.m2\repository\commons-io\commons-io\2.6\commons-io-2.6.jar;C:\Users\elect\.m2\repository\org\scijava\ui-behaviour\1.7.4\ui-behaviour-1.7.4.jar;C:\Users\elect\.m2\repository\com\google\code\gson\gson\2.8.5\gson-2.8.5.jar;C:\Users\elect\.m2\repository\org\yaml\snakeyaml\1.23\snakeyaml-1.23.jar;C:\Users\elect\.m2\repository\net\sf\trove4j\trove4j\3.0.3\trove4j-3.0.3.jar;C:\Users\elect\.m2\repository\org\scijava\scripting-javascript\0.4.4\scripting-javascript-0.4.4.jar;C:\Users\elect\.m2\repository\net\java\dev\jna\jna\4.5.2\jna-4.5.2.jar;C:\Users\elect\.m2\repository\net\java\dev\jna\jna-platform\4.5.2\jna-platform-4.5.2.jar;C:\Users\elect\.m2\repository\org\jocl\jocl\2.0.1\jocl-2.0.1.jar;C:\Users\elect\.m2\repository\org\lwjgl\lwjgl\3.2.1\lwjgl-3.2.1.jar;C:\Users\elect\.m2\repository\org\lwjgl\lwjgl-glfw\3.2.1\lwjgl-glfw-3.2.1.jar;C:\Users\elect\.m2\repository\org\lwjgl\lwjgl-jemalloc\3.2.1\lwjgl-jemalloc-3.2.1.jar;C:\Users\elect\.m2\repository\org\lwjgl\lwjgl-vulkan\3.2.1\lwjgl-vulkan-3.2.1.jar;C:\Users\elect\.m2\repository\org\lwjgl\lwjgl-opengl\3.2.1\lwjgl-opengl-3.2.1.jar;C:\Users\elect\.m2\repository\org\lwjgl\lwjgl-openvr\3.2.1\lwjgl-openvr-3.2.1.jar;C:\Users\elect\.m2\repository\org\lwjgl\lwjgl\3.2.1\lwjgl-3.2.1-natives-windows.jar;C:\Users\elect\.m2\repository\org\lwjgl\lwjgl-opengl\3.2.1\lwjgl-opengl-3.2.1-natives-windows.jar;C:\Users\elect\.m2\repository\org\lwjgl\lwjgl-glfw\3.2.1\lwjgl-glfw-3.2.1-natives-windows.jar;C:\Users\elect\.m2\repository\org\lwjgl\lwjgl-jemalloc\3.2.1\lwjgl-jemalloc-3.2.1-natives-windows.jar;C:\Users\elect\.m2\repository\org\lwjgl\lwjgl-openvr\3.2.1\lwjgl-openvr-3.2.1-natives-windows.jar;C:\Users\elect\.m2\repository\com\fasterxml\jackson\core\jackson-databind\2.9.8\jackson-databind-2.9.8.jar;C:\Users\elect\.m2\repository\com\fasterxml\jackson\core\jackson-annotations\2.9.0\jackson-annotations-2.9.0.jar;C:\Users\elect\.m2\repository\com\fasterxml\jackson\core\jackson-core\2.9.8\jackson-core-2.9.8.jar;C:\Users\elect\.m2\repository\com\fasterxml\jackson\module\jackson-module-kotlin\2.9.8\jackson-module-kotlin-2.9.8.jar;C:\Users\elect\.m2\repository\com\fasterxml\jackson\dataformat\jackson-dataformat-yaml\2.9.8\jackson-dataformat-yaml-2.9.8.jar;C:\Users\elect\.m2\repository\graphics\scenery\spirvcrossj\0.5.0-1.1.85\spirvcrossj-0.5.0-1.1.85.jar;C:\Users\elect\.m2\repository\graphics\scenery\spirvcrossj\0.5.0-1.1.85\spirvcrossj-0.5.0-1.1.85-natives-windows.jar;C:\Users\elect\.m2\repository\org\jetbrains\kotlin\kotlin-test-junit\1.3.21\kotlin-test-junit-1.3.21.jar;C:\Users\elect\.m2\repository\org\jetbrains\kotlin\kotlin-test-annotations-common\1.3.21\kotlin-test-annotations-common-1.3.21.jar;C:\Users\elect\.m2\repository\org\jetbrains\kotlin\kotlin-test\1.3.21\kotlin-test-1.3.21.jar;C:\Users\elect\.m2\repository\org\jetbrains\kotlin\kotlin-test-common\1.3.21\kotlin-test-common-1.3.21.jar;C:\Users\elect\.m2\repository\org\zeromq\jeromq\0.4.3\jeromq-0.4.3.jar;C:\Users\elect\.m2\repository\org\zeromq\jnacl\0.1.0\jnacl-0.1.0.jar;C:\Users\elect\.m2\repository\com\esotericsoftware\kryo\4.0.2\kryo-4.0.2.jar;C:\Users\elect\.m2\repository\com\esotericsoftware\reflectasm\1.11.3\reflectasm-1.11.3.jar;C:\Users\elect\.m2\repository\org\ow2\asm\asm\5.0.4\asm-5.0.4.jar;C:\Users\elect\.m2\repository\com\esotericsoftware\minlog\1.3.0\minlog-1.3.0.jar;C:\Users\elect\.m2\repository\org\objenesis\objenesis\2.5.1\objenesis-2.5.1.jar;C:\Users\elect\.m2\repository\org\msgpack\msgpack-core\0.8.16\msgpack-core-0.8.16.jar;C:\Users\elect\.m2\repository\org\msgpack\jackson-dataformat-msgpack\0.8.16\jackson-dataformat-msgpack-0.8.16.jar;C:\Users\elect\.m2\repository\graphics\scenery\jvrpn\1.1.0\jvrpn-1.1.0.jar;C:\Users\elect\.m2\repository\graphics\scenery\jvrpn\1.1.0\jvrpn-1.1.0-natives-windows.jar;C:\Users\elect\.m2\repository\io\scif\scifio\0.37.3\scifio-0.37.3.jar;C:\Users\elect\.m2\repository\io\scif\scifio-jai-imageio\1.1.1\scifio-jai-imageio-1.1.1.jar;C:\Users\elect\.m2\repository\net\imagej\imagej-common\0.28.0\imagej-common-0.28.0.jar;C:\Users\elect\.m2\repository\net\imglib2\imglib2-roi\0.7.0\imglib2-roi-0.7.0.jar;C:\Users\elect\.m2\repository\edu\ucar\udunits\4.3.18\udunits-4.3.18.jar;C:\Users\elect\.m2\repository\net\imglib2\imglib2\5.6.3\imglib2-5.6.3.jar;C:\Users\elect\.m2\repository\net\imglib2\imglib2-cache\1.0.0-beta-11\imglib2-cache-1.0.0-beta-11.jar;C:\Users\elect\.m2\repository\com\github\ben-manes\caffeine\caffeine\2.4.0\caffeine-2.4.0.jar;C:\Users\elect\.m2\repository\org\bytedeco\javacpp-presets\ffmpeg-platform\4.0.2-1.4.3\ffmpeg-platform-4.0.2-1.4.3.jar;C:\Users\elect\.m2\repository\org\bytedeco\javacpp-presets\ffmpeg\4.0.2-1.4.3\ffmpeg-4.0.2-1.4.3.jar;C:\Users\elect\.m2\repository\org\bytedeco\javacpp\1.4.3\javacpp-1.4.3.jar;C:\Users\elect\.m2\repository\org\bytedeco\javacpp-presets\ffmpeg\4.0.2-1.4.3\ffmpeg-4.0.2-1.4.3-android-arm.jar;C:\Users\elect\.m2\repository\org\bytedeco\javacpp-presets\ffmpeg\4.0.2-1.4.3\ffmpeg-4.0.2-1.4.3-android-arm64.jar;C:\Users\elect\.m2\repository\org\bytedeco\javacpp-presets\ffmpeg\4.0.2-1.4.3\ffmpeg-4.0.2-1.4.3-android-x86.jar;C:\Users\elect\.m2\repository\org\bytedeco\javacpp-presets\ffmpeg\4.0.2-1.4.3\ffmpeg-4.0.2-1.4.3-android-x86_64.jar;C:\Users\elect\.m2\repository\org\bytedeco\javacpp-presets\ffmpeg\4.0.2-1.4.3\ffmpeg-4.0.2-1.4.3-linux-x86.jar;C:\Users\elect\.m2\repository\org\bytedeco\javacpp-presets\ffmpeg\4.0.2-1.4.3\ffmpeg-4.0.2-1.4.3-linux-x86_64.jar;C:\Users\elect\.m2\repository\org\bytedeco\javacpp-presets\ffmpeg\4.0.2-1.4.3\ffmpeg-4.0.2-1.4.3-linux-armhf.jar;C:\Users\elect\.m2\repository\org\bytedeco\javacpp-presets\ffmpeg\4.0.2-1.4.3\ffmpeg-4.0.2-1.4.3-linux-ppc64le.jar;C:\Users\elect\.m2\repository\org\bytedeco\javacpp-presets\ffmpeg\4.0.2-1.4.3\ffmpeg-4.0.2-1.4.3-macosx-x86_64.jar;C:\Users\elect\.m2\repository\org\bytedeco\javacpp-presets\ffmpeg\4.0.2-1.4.3\ffmpeg-4.0.2-1.4.3-windows-x86.jar;C:\Users\elect\.m2\repository\org\bytedeco\javacpp-presets\ffmpeg\4.0.2-1.4.3\ffmpeg-4.0.2-1.4.3-windows-x86_64.jar;C:\Users\elect\.m2\repository\org\reflections\reflections\0.9.11\reflections-0.9.11.jar;C:\Users\elect\.m2\repository\com\google\guava\guava\21.0\guava-21.0.jar;C:\Users\elect\.m2\repository\org\javassist\javassist\3.24.0-GA\javassist-3.24.0-GA.jar;C:\Users\elect\.m2\repository\sc\fiji\bigvolumeviewer\0.1.2\bigvolumeviewer-0.1.2.jar;C:\Users\elect\.m2\repository\org\joml\joml\1.9.12\joml-1.9.12.jar;C:\Users\elect\.m2\repository\org\apache\commons\commons-math3\3.6.1\commons-math3-3.6.1.jar;C:\Users\elect\.m2\repository\sc\fiji\bigdataviewer-core\5.1.0\bigdataviewer-core-5.1.0.jar;C:\Users\elect\.m2\repository\net\imglib2\imglib2-realtransform\2.1.0\imglib2-realtransform-2.1.0.jar;C:\Users\elect\.m2\repository\gov\nist\math\jama\1.0.3\jama-1.0.3.jar;C:\Users\elect\.m2\repository\jitk\jitk-tps\3.0.0\jitk-tps-3.0.0.jar;C:\Users\elect\.m2\repository\com\googlecode\efficient-java-matrix-library\ejml\0.24\ejml-0.24.jar;C:\Users\elect\.m2\repository\log4j\log4j\1.2.17\log4j-1.2.17.jar;C:\Users\elect\.m2\repository\net\imglib2\imglib2-ui\2.0.0\imglib2-ui-2.0.0.jar;C:\Users\elect\.m2\repository\net\imglib2\imglib2-algorithm\0.11.1\imglib2-algorithm-0.11.1.jar;C:\Users\elect\.m2\repository\org\ojalgo\ojalgo\45.1.1\ojalgo-45.1.1.jar;C:\Users\elect\.m2\repository\sc\fiji\spim_data\2.2.2\spim_data-2.2.2.jar;C:\Users\elect\.m2\repository\cisd\jhdf5\14.12.6\jhdf5-14.12.6.jar;C:\Users\elect\.m2\repository\commons-lang\commons-lang\2.6\commons-lang-2.6.jar;C:\Users\elect\.m2\repository\org\jdom\jdom2\2.0.6\jdom2-2.0.6.jar;C:\Users\elect\.m2\repository\net\imglib2\imglib2-ij\2.0.0-beta-44\imglib2-ij-2.0.0-beta-44.jar;C:\Users\elect\.m2\repository\net\imagej\ij\1.52i\ij-1.52i.jar;C:\Users\elect\.m2\repository\net\imagej\imagej\2.0.0-rc-69\imagej-2.0.0-rc-69.jar;C:\Users\elect\.m2\repository\net\imagej\imagej-notebook\0.3.0\imagej-notebook-0.3.0.jar;C:\Users\elect\.m2\repository\net\imagej\imagej-ops\0.43.1\imagej-ops-0.43.1.jar;C:\Users\elect\.m2\repository\net\imagej\imagej-mesh\0.7.1\imagej-mesh-0.7.1.jar;C:\Users\elect\.m2\repository\net\imglib2\imglib2-algorithm-fft\0.2.0\imglib2-algorithm-fft-0.2.0.jar;C:\Users\elect\.m2\repository\edu\mines\mines-jtk\20151125\mines-jtk-20151125.jar;C:\Users\elect\.m2\repository\net\imagej\imagej-updater\0.9.3\imagej-updater-0.9.3.jar;C:\Users\elect\.m2\repository\net\imagej\imagej-plugins-batch\0.1.1\imagej-plugins-batch-0.1.1.jar;C:\Users\elect\.m2\repository\net\imagej\imagej-deprecated\0.1.2\imagej-deprecated-0.1.2.jar;C:\Users\elect\.m2\repository\net\imagej\imagej-plugins-commands\0.8.1\imagej-plugins-commands-0.8.1.jar;C:\Users\elect\.m2\repository\net\iharder\base64\2.3.8\base64-2.3.8.jar;C:\Users\elect\.m2\repository\net\imagej\imagej-plugins-tools\0.3.1\imagej-plugins-tools-0.3.1.jar;C:\Users\elect\.m2\repository\net\imagej\imagej-plugins-uploader-ssh\0.3.2\imagej-plugins-uploader-ssh-0.3.2.jar;C:\Users\elect\.m2\repository\com\jcraft\jsch\0.1.55\jsch-0.1.55.jar;C:\Users\elect\.m2\repository\net\imagej\imagej-plugins-uploader-webdav\0.2.2\imagej-plugins-uploader-webdav-0.2.2.jar;C:\Users\elect\.m2\repository\net\imagej\imagej-scripting\0.8.2\imagej-scripting-0.8.2.jar;C:\Users\elect\.m2\repository\org\scijava\scripting-beanshell\0.3.3\scripting-beanshell-0.3.3.jar;C:\Users\elect\.m2\repository\org\apache-extras\beanshell\bsh\2.0b6\bsh-2.0b6.jar;C:\Users\elect\.m2\repository\org\scijava\scripting-clojure\0.1.6\scripting-clojure-0.1.6.jar;C:\Users\elect\.m2\repository\org\clojure\clojure\1.8.0\clojure-1.8.0.jar;C:\Users\elect\.m2\repository\org\scijava\scripting-groovy\0.2.7\scripting-groovy-0.2.7.jar;C:\Users\elect\.m2\repository\org\codehaus\groovy\groovy\2.4.8\groovy-2.4.8.jar;C:\Users\elect\.m2\repository\org\apache\ivy\ivy\2.4.0\ivy-2.4.0.jar;C:\Users\elect\.m2\repository\org\codehaus\gpars\gpars\1.2.1\gpars-1.2.1.jar;C:\Users\elect\.m2\repository\org\multiverse\multiverse-core\0.7.0\multiverse-core-0.7.0.jar;C:\Users\elect\.m2\repository\org\codehaus\jsr166-mirror\jsr166y\1.7.0\jsr166y-1.7.0.jar;C:\Users\elect\.m2\repository\org\scijava\scripting-jruby\0.3.0\scripting-jruby-0.3.0.jar;C:\Users\elect\.m2\repository\org\jruby\jruby-core\9.1.17.0\jruby-core-9.1.17.0.jar;C:\Users\elect\.m2\repository\com\github\jnr\jnr-netdb\1.1.6\jnr-netdb-1.1.6.jar;C:\Users\elect\.m2\repository\com\github\jnr\jnr-enxio\0.16\jnr-enxio-0.16.jar;C:\Users\elect\.m2\repository\com\github\jnr\jnr-x86asm\1.0.2\jnr-x86asm-1.0.2.jar;C:\Users\elect\.m2\repository\com\github\jnr\jnr-unixsocket\0.17\jnr-unixsocket-0.17.jar;C:\Users\elect\.m2\repository\com\github\jnr\jnr-posix\3.0.44\jnr-posix-3.0.44.jar;C:\Users\elect\.m2\repository\com\github\jnr\jnr-constants\0.9.9\jnr-constants-0.9.9.jar;C:\Users\elect\.m2\repository\com\github\jnr\jffi\1.2.16\jffi-1.2.16.jar;C:\Users\elect\.m2\repository\com\github\jnr\jffi\1.2.16\jffi-1.2.16-native.jar;C:\Users\elect\.m2\repository\org\jruby\joni\joni\2.1.15\joni-2.1.15.jar;C:\Users\elect\.m2\repository\org\jruby\extras\bytelist\1.0.15\bytelist-1.0.15.jar;C:\Users\elect\.m2\repository\org\jruby\jcodings\jcodings\1.0.27\jcodings-1.0.27.jar;C:\Users\elect\.m2\repository\org\jruby\dirgra\0.3\dirgra-0.3.jar;C:\Users\elect\.m2\repository\com\headius\invokebinder\1.10\invokebinder-1.10.jar;C:\Users\elect\.m2\repository\com\headius\options\1.4\options-1.4.jar;C:\Users\elect\.m2\repository\com\headius\unsafe-fences\1.0\unsafe-fences-1.0.jar;C:\Users\elect\.m2\repository\com\jcraft\jzlib\1.1.3\jzlib-1.1.3.jar;C:\Users\elect\.m2\repository\com\martiansoftware\nailgun-server\0.9.1\nailgun-server-0.9.1.jar;C:\Users\elect\.m2\repository\joda-time\joda-time\2.10.1\joda-time-2.10.1.jar;C:\Users\elect\.m2\repository\com\headius\modulator\1.0\modulator-1.0.jar;C:\Users\elect\.m2\repository\org\jruby\jruby-stdlib\9.1.17.0\jruby-stdlib-9.1.17.0.jar;C:\Users\elect\.m2\repository\org\scijava\scripting-jython\0.4.2\scripting-jython-0.4.2.jar;C:\Users\elect\.m2\repository\org\scijava\jython-shaded\2.7.1\jython-shaded-2.7.1.jar;C:\Users\elect\.m2\repository\org\scijava\scripting-renjin\0.2.2\scripting-renjin-0.2.2.jar;C:\Users\elect\.m2\repository\org\renjin\renjin-script-engine\0.8.1906\renjin-script-engine-0.8.1906.jar;C:\Users\elect\.m2\repository\org\renjin\renjin-core\0.8.1906\renjin-core-0.8.1906.jar;C:\Users\elect\.m2\repository\org\apache\commons\commons-math\2.2\commons-math-2.2.jar;C:\Users\elect\.m2\repository\org\renjin\gcc-runtime\0.8.1906\gcc-runtime-0.8.1906.jar;C:\Users\elect\.m2\repository\org\netlib\netlib-java\0.9.3-renjin-patched-2\netlib-java-0.9.3-renjin-patched-2.jar;C:\Users\elect\.m2\repository\org\netlib\lapack\0.8\lapack-0.8.jar;C:\Users\elect\.m2\repository\org\netlib\f2jutil\0.8\f2jutil-0.8.jar;C:\Users\elect\.m2\repository\org\netlib\xerbla\0.8\xerbla-0.8.jar;C:\Users\elect\.m2\repository\org\netlib\blas\0.8\blas-0.8.jar;C:\Users\elect\.m2\repository\org\apache\commons\commons-vfs2\2.0\commons-vfs2-2.0.jar;C:\Users\elect\.m2\repository\commons-logging\commons-logging\1.2\commons-logging-1.2.jar;C:\Users\elect\.m2\repository\org\apache\maven\scm\maven-scm-api\1.4\maven-scm-api-1.4.jar;C:\Users\elect\.m2\repository\org\codehaus\plexus\plexus-utils\1.5.6\plexus-utils-1.5.6.jar;C:\Users\elect\.m2\repository\org\apache\maven\scm\maven-scm-provider-svnexe\1.4\maven-scm-provider-svnexe-1.4.jar;C:\Users\elect\.m2\repository\org\apache\maven\scm\maven-scm-provider-svn-commons\1.4\maven-scm-provider-svn-commons-1.4.jar;C:\Users\elect\.m2\repository\regexp\regexp\1.3\regexp-1.3.jar;C:\Users\elect\.m2\repository\org\apache\commons\commons-compress\1.4.1\commons-compress-1.4.1.jar;C:\Users\elect\.m2\repository\org\tukaani\xz\1.0\xz-1.0.jar;C:\Users\elect\.m2\repository\edu\emory\mathcs\jtransforms\2.4\jtransforms-2.4.jar;C:\Users\elect\.m2\repository\net\sf\jung\jung-api\2.0.1\jung-api-2.0.1.jar;C:\Users\elect\.m2\repository\net\sourceforge\collections\collections-generic\4.01\collections-generic-4.01.jar;C:\Users\elect\.m2\repository\net\sf\jung\jung-graph-impl\2.0.1\jung-graph-impl-2.0.1.jar;C:\Users\elect\.m2\repository\org\ow2\asm\asm-util\5.0.4\asm-util-5.0.4.jar;C:\Users\elect\.m2\repository\org\ow2\asm\asm-tree\5.0.4\asm-tree-5.0.4.jar;C:\Users\elect\.m2\repository\org\ow2\asm\asm-commons\5.0.4\asm-commons-5.0.4.jar;C:\Users\elect\.m2\repository\com\sun\codemodel\codemodel\2.6\codemodel-2.6.jar;C:\Users\elect\.m2\repository\org\renjin\stats\0.8.1906\stats-0.8.1906.jar;C:\Users\elect\.m2\repository\org\renjin\renjin-appl\0.8.1906\renjin-appl-0.8.1906.jar;C:\Users\elect\.m2\repository\org\renjin\renjin-gnur-runtime\0.8.1906\renjin-gnur-runtime-0.8.1906.jar;C:\Users\elect\.m2\repository\org\renjin\methods\0.8.1906\methods-0.8.1906.jar;C:\Users\elect\.m2\repository\org\renjin\datasets\0.8.1906\datasets-0.8.1906.jar;C:\Users\elect\.m2\repository\org\renjin\utils\0.8.1906\utils-0.8.1906.jar;C:\Users\elect\.m2\repository\org\renjin\grDevices\0.8.1906\grDevices-0.8.1906.jar;C:\Users\elect\.m2\repository\org\renjin\graphics\0.8.1906\graphics-0.8.1906.jar;C:\Users\elect\.m2\repository\org\scijava\scripting-scala\0.2.1\scripting-scala-0.2.1.jar;C:\Users\elect\.m2\repository\org\scala-lang\scala-compiler\2.12.1\scala-compiler-2.12.1.jar;C:\Users\elect\.m2\repository\org\scala-lang\scala-library\2.12.1\scala-library-2.12.1.jar;C:\Users\elect\.m2\repository\org\scala-lang\scala-reflect\2.12.1\scala-reflect-2.12.1.jar;C:\Users\elect\.m2\repository\org\scala-lang\modules\scala-xml_2.12\1.0.6\scala-xml_2.12-1.0.6.jar;C:\Users\elect\.m2\repository\net\imagej\imagej-ui-swing\0.22.0\imagej-ui-swing-0.22.0.jar;C:\Users\elect\.m2\repository\org\jfree\jfreechart\1.5.0\jfreechart-1.5.0.jar;C:\Users\elect\.m2\repository\org\jhotdraw\jhotdraw\7.6.0\jhotdraw-7.6.0.jar;C:\Users\elect\.m2\repository\net\imagej\imagej-ui-awt\0.3.1\imagej-ui-awt-0.3.1.jar;C:\Users\elect\.m2\repository\org\scijava\scijava-plugins-commands\0.2.3\scijava-plugins-commands-0.2.3.jar;C:\Users\elect\.m2\repository\org\scijava\scijava-plugins-platforms\0.3.1\scijava-plugins-platforms-0.3.1.jar;C:\Users\elect\.m2\repository\org\scijava\scijava-plugins-text-markdown\0.1.3\scijava-plugins-text-markdown-0.1.3.jar;C:\Users\elect\.m2\repository\org\markdownj\markdownj\0.3.0-1.0.2b4\markdownj-0.3.0-1.0.2b4.jar;C:\Users\elect\.m2\repository\org\scijava\scijava-plugins-text-plain\0.1.3\scijava-plugins-text-plain-0.1.3.jar;C:\Users\elect\.m2\repository\org\apache\commons\commons-lang3\3.8.1\commons-lang3-3.8.1.jar;C:\Users\elect\.m2\repository\org\antlr\ST4\4.0.8\ST4-4.0.8.jar;C:\Users\elect\.m2\repository\org\antlr\antlr-runtime\3.5.2\antlr-runtime-3.5.2.jar;C:\Users\elect\.m2\repository\org\lwjglx\lwjgl3-awt\0.1.1\lwjgl3-awt-0.1.1.jar;C:\Users\elect\.m2\repository\org\lwjgl\lwjgl-jawt\3.2.1\lwjgl-jawt-3.2.1.jar;C:\Users\elect\.m2\repository\com\github\kotlin-graphics\vkk\bedcbc3e66e03d32aa6e193d34743a3be4a5f8f2\vkk-bedcbc3e66e03d32aa6e193d34743a3be4a5f8f2.jar;C:\Users\elect\.m2\repository\com\github\kotlin-graphics\gli\968eb79758bf3475e8cf1a93f138b2a19aadd7a5\gli-968eb79758bf3475e8cf1a93f138b2a19aadd7a5.jar;C:\Users\elect\.m2\repository\com\github\kotlin-graphics\glm\glm\a1cafbd4e1bda500291b19a8d0cb75374f97688c\glm-a1cafbd4e1bda500291b19a8d0cb75374f97688c.jar;C:\Users\elect\.m2\repository\com\github\kotlin-graphics\kotlin-unsigned\0e3cc3ec155986f2100fee03cc143cbd3dfd0d84\kotlin-unsigned-0e3cc3ec155986f2100fee03cc143cbd3dfd0d84.jar;C:\Users\elect\.m2\repository\com\github\kotlin-graphics\kool\7c3dfaf417b00a0b7fe5dd273bf10291ebfe45d0\kool-7c3dfaf417b00a0b7fe5dd273bf10291ebfe45d0.jar;C:\Users\elect\.m2\repository\org\lwjgl\lwjgl-openal\3.2.2-SNAPSHOT\lwjgl-openal-3.2.2-SNAPSHOT.jar;C:\Users\elect\.m2\repository\org\lwjgl\lwjgl-stb\3.2.2-SNAPSHOT\lwjgl-stb-3.2.2-SNAPSHOT.jar;C:\Users\elect\.m2\repository\org\lwjgl\lwjgl\3.2.2-SNAPSHOT\lwjgl-3.2.2-SNAPSHOT-natives-linux.jar;C:\Users\elect\.m2\repository\org\lwjgl\lwjgl-glfw\3.2.2-SNAPSHOT\lwjgl-glfw-3.2.2-SNAPSHOT-natives-linux.jar;C:\Users\elect\.m2\repository\org\lwjgl\lwjgl-jemalloc\3.2.2-SNAPSHOT\lwjgl-jemalloc-3.2.2-SNAPSHOT-natives-linux.jar;C:\Users\elect\.m2\repository\org\lwjgl\lwjgl-openal\3.2.2-SNAPSHOT\lwjgl-openal-3.2.2-SNAPSHOT-natives-linux.jar;C:\Users\elect\.m2\repository\org\lwjgl\lwjgl-opengl\3.2.2-SNAPSHOT\lwjgl-opengl-3.2.2-SNAPSHOT-natives-linux.jar;C:\Users\elect\.m2\repository\org\lwjgl\lwjgl-stb\3.2.2-SNAPSHOT\lwjgl-stb-3.2.2-SNAPSHOT-natives-linux.jar;C:\Users\elect\.m2\repository\graphics\scenery\spirvcrossj\0.5.0-1.1.85\spirvcrossj-0.5.0-1.1.85-natives-linux.jar;"/>
    <property name="sun.cpu.endian" value="little"/>
    <property name="user.home" value="C:\Users\elect"/>
    <property name="user.language" value="en"/>
    <property name="java.specification.vendor" value="Oracle Corporation"/>
    <property name="java.home" value="C:\Program Files\Java\jdk1.8.0_192\jre"/>
    <property name="basedir" value="C:\Users\elect\IdeaProjects\scenery"/>
    <property name="file.separator" value="\"/>
    <property name="line.separator" value="&#10;"/>
    <property name="java.vm.specification.vendor" value="Oracle Corporation"/>
    <property name="java.specification.name" value="Java Platform API Specification"/>
    <property name="java.awt.graphicsenv" value="sun.awt.Win32GraphicsEnvironment"/>
    <property name="surefire.real.class.path" value="C:\Users\elect\AppData\Local\Temp\surefire3286898741690722186\surefirebooter4958828531208526093.jar;C:\\Users\\elect\\.m2\\repository\\org\\jacoco\\org.jacoco.agent\\0.8.1\\org.jacoco.agent-0.8.1-runtime.jar"/>
    <property name="sun.boot.class.path" value="C:\Program Files\Java\jdk1.8.0_192\jre\lib\resources.jar;C:\Program Files\Java\jdk1.8.0_192\jre\lib\rt.jar;C:\Program Files\Java\jdk1.8.0_192\jre\lib\sunrsasign.jar;C:\Program Files\Java\jdk1.8.0_192\jre\lib\jsse.jar;C:\Program Files\Java\jdk1.8.0_192\jre\lib\jce.jar;C:\Program Files\Java\jdk1.8.0_192\jre\lib\charsets.jar;C:\Program Files\Java\jdk1.8.0_192\jre\lib\jfr.jar;C:\Program Files\Java\jdk1.8.0_192\jre\classes"/>
    <property name="user.script" value=""/>
    <property name="sun.management.compiler" value="HotSpot 64-Bit Tiered Compilers"/>
    <property name="java.runtime.version" value="1.8.0_192-b12"/>
    <property name="user.name" value="elect"/>
    <property name="path.separator" value=";"/>
    <property name="os.version" value="10.0"/>
    <property name="java.endorsed.dirs" value="C:\Program Files\Java\jdk1.8.0_192\jre\lib\endorsed"/>
    <property name="java.runtime.name" value="Java(TM) SE Runtime Environment"/>
    <property name="file.encoding" value="Cp1252"/>
    <property name="java.vm.name" value="Java HotSpot(TM) 64-Bit Server VM"/>
    <property name="localRepository" value="C:\Users\elect\.m2\repository"/>
    <property name="java.vendor.url.bug" value="http://bugreport.sun.com/bugreport/"/>
    <property name="java.io.tmpdir" value="C:\Users\elect\AppData\Local\Temp\"/>
    <property name="idea.version" value="2018.3.5"/>
    <property name="java.version" value="1.8.0_192"/>
    <property name="user.dir" value="C:\Users\elect\IdeaProjects\scenery"/>
    <property name="os.arch" value="amd64"/>
    <property name="java.vm.specification.name" value="Java Virtual Machine Specification"/>
    <property name="java.awt.printerjob" value="sun.awt.windows.WPrinterJob"/>
    <property name="sun.os.patch.level" value=""/>
    <property name="java.library.path" value="C:\Program Files\Java\jdk1.8.0_192\jre\bin;C:\WINDOWS\Sun\Java\bin;C:\WINDOWS\system32;C:\WINDOWS;C:\Program Files (x86)\Common Files\Oracle\Java\javapath;C:\VulkanSDK\1.1.85.0\Bin;C:\Program Files (x86)\Common Files\Oracle\Java\javapath2;C:\WINDOWS\system32;C:\WINDOWS;C:\WINDOWS\System32\Wbem;C:\WINDOWS\System32\WindowsPowerShell\v1.0\;C:\WINDOWS\System32\OpenSSH\;C:\Program Files\Git\cmd;C:\Program Files\Java\jdk-11.0.1\bin;C:\Gradle\gradle-4.10.2\bin;C:\Program Files\Microsoft Windows Performance Toolkit\;C:\apache-ant-1.8.2\bin;C:\Program Files\CMake\bin;C:\Users\elect\AppData\Local\Microsoft\WindowsApps;;C:\Program Files\JetBrains\CLion 2018.3\bin;;."/>
    <property name="java.vm.info" value="mixed mode"/>
    <property name="java.vendor" value="Oracle Corporation"/>
    <property name="java.vm.version" value="25.192-b12"/>
    <property name="java.ext.dirs" value="C:\Program Files\Java\jdk1.8.0_192\jre\lib\ext;C:\WINDOWS\Sun\Java\lib\ext"/>
    <property name="sun.io.unicode.encoding" value="UnicodeLittle"/>
    <property name="java.class.version" value="52.0"/>
    <property name="jacoco-agent.destfile" value="C:\Users\elect\IdeaProjects\scenery\target/jacoco.exec"/>
  </properties>
  <testcase name="testNodeRecursionJavaConsumer" classname="graphics.scenery.tests.unit.NodeTests" time="0.316"/>
  <testcase name="testNodeRecursion" classname="graphics.scenery.tests.unit.NodeTests" time="0"/>
  <testcase name="testRotationChangeTriggersUpdate" classname="graphics.scenery.tests.unit.NodeTests" time="0.037"/>
  <testcase name="testGetScene" classname="graphics.scenery.tests.unit.NodeTests" time="0"/>
  <testcase name="testFitting" classname="graphics.scenery.tests.unit.NodeTests" time="0.078"/>
  <testcase name="testScaleChangeTriggersUpdate" classname="graphics.scenery.tests.unit.NodeTests" time="0.007"/>
  <testcase name="testPositionChangeTriggersUpdate" classname="graphics.scenery.tests.unit.NodeTests" time="0"/>
  <testcase name="testCentering" classname="graphics.scenery.tests.unit.NodeTests" time="0"/>
  <testcase name="testTransformationPropagation" classname="graphics.scenery.tests.unit.NodeTests" time="0.642"/>
  <testcase name="testBoundingBoxGeneration" classname="graphics.scenery.tests.unit.NodeTests" time="0"/>
  <testcase name="testLargeScenegraph" classname="graphics.scenery.tests.unit.NodeTests" time="0.316"/>
  <testcase name="testLargeScenegraphDiscovery" classname="graphics.scenery.tests.unit.NodeTests" time="0.04"/>
</testsuite>