<?xml version="1.0" encoding="UTF-8"?>
<testsuite xmlns:xsi="http://www.w3.org/2001/XMLSchema-instance"
           xsi:noNamespaceSchemaLocation="https://maven.apache.org/surefire/maven-surefire-plugin/xsd/surefire-test-report.xsd"
           name="graphics.scenery.tests.unit.UBOTests" time="0.015" tests="3" errors="0" skipped="0" failures="0">
    <properties>
        <property name="sun.desktop" value="windows"/>
        <property name="awt.toolkit" value="sun.awt.windows.WToolkit"/>
        <property name="file.encoding.pkg" value="sun.io"/>
        <property name="java.specification.version" value="1.8"/>
        <property name="sun.cpu.isalist" value="amd64"/>
        <property name="sun.jnu.encoding" value="Cp1252"/>
        <property name="java.class.path"
                  value="C:\Users\elect\IdeaProjects\scenery\target\test-classes;C:\Users\elect\IdeaProjects\scenery\target\classes;C:\Users\elect\.m2\repository\org\jetbrains\kotlin\kotlin-stdlib-jdk8\1.3.0\kotlin-stdlib-jdk8-1.3.0.jar;C:\Users\elect\.m2\repository\org\jetbrains\kotlin\kotlin-stdlib\1.3.0\kotlin-stdlib-1.3.0.jar;C:\Users\elect\.m2\repository\org\jetbrains\kotlin\kotlin-stdlib-common\1.3.0\kotlin-stdlib-common-1.3.0.jar;C:\Users\elect\.m2\repository\org\jetbrains\annotations\13.0\annotations-13.0.jar;C:\Users\elect\.m2\repository\org\jetbrains\kotlin\kotlin-stdlib-jdk7\1.3.0\kotlin-stdlib-jdk7-1.3.0.jar;C:\Users\elect\.m2\repository\org\jetbrains\kotlin\kotlin-reflect\1.3.0\kotlin-reflect-1.3.0.jar;C:\Users\elect\.m2\repository\org\jetbrains\kotlinx\kotlinx-coroutines-core\1.0.0\kotlinx-coroutines-core-1.0.0.jar;C:\Users\elect\.m2\repository\org\jetbrains\kotlinx\kotlinx-coroutines-core-common\1.0.0\kotlinx-coroutines-core-common-1.0.0.jar;C:\Users\elect\.m2\repository\org\jogamp\gluegen\gluegen-rt-main\2.3.2\gluegen-rt-main-2.3.2.jar;C:\Users\elect\.m2\repository\org\jogamp\gluegen\gluegen-rt\2.3.2\gluegen-rt-2.3.2.jar;C:\Users\elect\.m2\repository\org\jogamp\gluegen\gluegen-rt\2.3.2\gluegen-rt-2.3.2-natives-android-aarch64.jar;C:\Users\elect\.m2\repository\org\jogamp\gluegen\gluegen-rt\2.3.2\gluegen-rt-2.3.2-natives-android-armv6.jar;C:\Users\elect\.m2\repository\org\jogamp\gluegen\gluegen-rt\2.3.2\gluegen-rt-2.3.2-natives-linux-amd64.jar;C:\Users\elect\.m2\repository\org\jogamp\gluegen\gluegen-rt\2.3.2\gluegen-rt-2.3.2-natives-linux-armv6.jar;C:\Users\elect\.m2\repository\org\jogamp\gluegen\gluegen-rt\2.3.2\gluegen-rt-2.3.2-natives-linux-armv6hf.jar;C:\Users\elect\.m2\repository\org\jogamp\gluegen\gluegen-rt\2.3.2\gluegen-rt-2.3.2-natives-linux-i586.jar;C:\Users\elect\.m2\repository\org\jogamp\gluegen\gluegen-rt\2.3.2\gluegen-rt-2.3.2-natives-macosx-universal.jar;C:\Users\elect\.m2\repository\org\jogamp\gluegen\gluegen-rt\2.3.2\gluegen-rt-2.3.2-natives-solaris-amd64.jar;C:\Users\elect\.m2\repository\org\jogamp\gluegen\gluegen-rt\2.3.2\gluegen-rt-2.3.2-natives-solaris-i586.jar;C:\Users\elect\.m2\repository\org\jogamp\gluegen\gluegen-rt\2.3.2\gluegen-rt-2.3.2-natives-windows-amd64.jar;C:\Users\elect\.m2\repository\org\jogamp\gluegen\gluegen-rt\2.3.2\gluegen-rt-2.3.2-natives-windows-i586.jar;C:\Users\elect\.m2\repository\org\jogamp\jogl\jogl-all-main\2.3.2\jogl-all-main-2.3.2.jar;C:\Users\elect\.m2\repository\org\jogamp\jogl\jogl-all\2.3.2\jogl-all-2.3.2.jar;C:\Users\elect\.m2\repository\org\jogamp\jogl\jogl-all\2.3.2\jogl-all-2.3.2-natives-android-aarch64.jar;C:\Users\elect\.m2\repository\org\jogamp\jogl\jogl-all\2.3.2\jogl-all-2.3.2-natives-android-armv6.jar;C:\Users\elect\.m2\repository\org\jogamp\jogl\jogl-all\2.3.2\jogl-all-2.3.2-natives-linux-amd64.jar;C:\Users\elect\.m2\repository\org\jogamp\jogl\jogl-all\2.3.2\jogl-all-2.3.2-natives-linux-armv6.jar;C:\Users\elect\.m2\repository\org\jogamp\jogl\jogl-all\2.3.2\jogl-all-2.3.2-natives-linux-armv6hf.jar;C:\Users\elect\.m2\repository\org\jogamp\jogl\jogl-all\2.3.2\jogl-all-2.3.2-natives-linux-i586.jar;C:\Users\elect\.m2\repository\org\jogamp\jogl\jogl-all\2.3.2\jogl-all-2.3.2-natives-macosx-universal.jar;C:\Users\elect\.m2\repository\org\jogamp\jogl\jogl-all\2.3.2\jogl-all-2.3.2-natives-solaris-amd64.jar;C:\Users\elect\.m2\repository\org\jogamp\jogl\jogl-all\2.3.2\jogl-all-2.3.2-natives-solaris-i586.jar;C:\Users\elect\.m2\repository\org\jogamp\jogl\jogl-all\2.3.2\jogl-all-2.3.2-natives-windows-amd64.jar;C:\Users\elect\.m2\repository\org\jogamp\jogl\jogl-all\2.3.2\jogl-all-2.3.2-natives-windows-i586.jar;C:\Users\elect\.m2\repository\junit\junit\4.12\junit-4.12.jar;C:\Users\elect\.m2\repository\org\hamcrest\hamcrest-core\1.3\hamcrest-core-1.3.jar;C:\Users\elect\.m2\repository\org\slf4j\slf4j-api\1.7.25\slf4j-api-1.7.25.jar;C:\Users\elect\.m2\repository\org\slf4j\slf4j-simple\1.7.25\slf4j-simple-1.7.25.jar;C:\Users\elect\.m2\repository\net\clearvolume\cleargl\2.2.1\cleargl-2.2.1.jar;C:\Users\elect\.m2\repository\net\clearcontrol\coremem\0.4.6\coremem-0.4.6.jar;C:\Users\elect\.m2\repository\com\nativelibs4java\bridj\0.7.0\bridj-0.7.0.jar;C:\Users\elect\.m2\repository\net\java\jinput\jinput\2.0.9\jinput-2.0.9.jar;C:\Users\elect\.m2\repository\net\java\jinput\jinput\2.0.9\jinput-2.0.9-natives-all.jar;C:\Users\elect\.m2\repository\org\scijava\scijava-common\2.75.0\scijava-common-2.75.0.jar;C:\Users\elect\.m2\repository\org\scijava\parsington\1.0.3\parsington-1.0.3.jar;C:\Users\elect\.m2\repository\org\bushe\eventbus\1.4\eventbus-1.4.jar;C:\Users\elect\.m2\repository\org\scijava\script-editor\0.3.0\script-editor-0.3.0.jar;C:\Users\elect\.m2\repository\org\scijava\scripting-java\0.4.1\scripting-java-0.4.1.jar;C:\Users\elect\.m2\repository\org\scijava\minimaven\2.2.1\minimaven-2.2.1.jar;C:\Users\elect\.m2\repository\com\fifesoft\rsyntaxtextarea\2.6.1\rsyntaxtextarea-2.6.1.jar;C:\Users\elect\.m2\repository\com\fifesoft\languagesupport\2.6.0\languagesupport-2.6.0.jar;C:\Users\elect\.m2\repository\com\fifesoft\autocomplete\2.6.1\autocomplete-2.6.1.jar;C:\Users\elect\.m2\repository\org\mozilla\rhino\1.7.6\rhino-1.7.6.jar;C:\Users\elect\.m2\repository\com\miglayout\miglayout\3.7.4\miglayout-3.7.4-swing.jar;C:\Users\elect\.m2\repository\org\scijava\batch-processor\0.2.0\batch-processor-0.2.0.jar;C:\Users\elect\.m2\repository\org\scijava\scijava-ui-swing\0.11.0\scijava-ui-swing-0.11.0.jar;C:\Users\elect\.m2\repository\org\scijava\scijava-ui-awt\0.1.6\scijava-ui-awt-0.1.6.jar;C:\Users\elect\.m2\repository\org\scijava\swing-checkbox-tree\1.0.2\swing-checkbox-tree-1.0.2.jar;C:\Users\elect\.m2\repository\com\github\sbridges\object-inspector\object-inspector\0.1\object-inspector-0.1.jar;C:\Users\elect\.m2\repository\net\sourceforge\jdatepicker\jdatepicker\1.3.2\jdatepicker-1.3.2.jar;C:\Users\elect\.m2\repository\org\scijava\scijava-search\0.5.0\scijava-search-0.5.0.jar;C:\Users\elect\.m2\repository\org\ocpsoft\prettytime\prettytime\4.0.1.Final\prettytime-4.0.1.Final.jar;C:\Users\elect\.m2\repository\commons-io\commons-io\2.6\commons-io-2.6.jar;C:\Users\elect\.m2\repository\org\scijava\ui-behaviour\1.7.3\ui-behaviour-1.7.3.jar;C:\Users\elect\.m2\repository\com\google\code\gson\gson\2.8.5\gson-2.8.5.jar;C:\Users\elect\.m2\repository\org\yaml\snakeyaml\1.13\snakeyaml-1.13.jar;C:\Users\elect\.m2\repository\net\sf\trove4j\trove4j\3.0.3\trove4j-3.0.3.jar;C:\Users\elect\.m2\repository\org\scijava\scripting-javascript\0.4.4\scripting-javascript-0.4.4.jar;C:\Users\elect\.m2\repository\net\java\dev\jna\jna\4.5.2\jna-4.5.2.jar;C:\Users\elect\.m2\repository\net\java\dev\jna\jna-platform\4.5.2\jna-platform-4.5.2.jar;C:\Users\elect\.m2\repository\org\jocl\jocl\2.0.1\jocl-2.0.1.jar;C:\Users\elect\.m2\repository\org\lwjgl\lwjgl\3.2.1-SNAPSHOT\lwjgl-3.2.1-SNAPSHOT.jar;C:\Users\elect\.m2\repository\org\lwjgl\lwjgl-glfw\3.2.1-SNAPSHOT\lwjgl-glfw-3.2.1-SNAPSHOT.jar;C:\Users\elect\.m2\repository\org\lwjgl\lwjgl-jemalloc\3.2.1-SNAPSHOT\lwjgl-jemalloc-3.2.1-SNAPSHOT.jar;C:\Users\elect\.m2\repository\org\lwjgl\lwjgl-vulkan\3.2.1-SNAPSHOT\lwjgl-vulkan-3.2.1-SNAPSHOT.jar;C:\Users\elect\.m2\repository\org\lwjgl\lwjgl-opengl\3.2.1-SNAPSHOT\lwjgl-opengl-3.2.1-SNAPSHOT.jar;C:\Users\elect\.m2\repository\org\lwjgl\lwjgl-openvr\3.2.1-SNAPSHOT\lwjgl-openvr-3.2.1-SNAPSHOT.jar;C:\Users\elect\.m2\repository\org\lwjgl\lwjgl\3.2.1-SNAPSHOT\lwjgl-3.2.1-SNAPSHOT-natives-windows.jar;C:\Users\elect\.m2\repository\org\lwjgl\lwjgl-opengl\3.2.1-SNAPSHOT\lwjgl-opengl-3.2.1-SNAPSHOT-natives-windows.jar;C:\Users\elect\.m2\repository\org\lwjgl\lwjgl-glfw\3.2.1-SNAPSHOT\lwjgl-glfw-3.2.1-SNAPSHOT-natives-windows.jar;C:\Users\elect\.m2\repository\org\lwjgl\lwjgl-jemalloc\3.2.1-SNAPSHOT\lwjgl-jemalloc-3.2.1-SNAPSHOT-natives-windows.jar;C:\Users\elect\.m2\repository\org\lwjgl\lwjgl-openvr\3.2.1-SNAPSHOT\lwjgl-openvr-3.2.1-SNAPSHOT-natives-windows.jar;C:\Users\elect\.m2\repository\com\fasterxml\jackson\core\jackson-databind\2.9.7\jackson-databind-2.9.7.jar;C:\Users\elect\.m2\repository\com\fasterxml\jackson\core\jackson-annotations\2.9.0\jackson-annotations-2.9.0.jar;C:\Users\elect\.m2\repository\com\fasterxml\jackson\core\jackson-core\2.9.7\jackson-core-2.9.7.jar;C:\Users\elect\.m2\repository\com\fasterxml\jackson\module\jackson-module-kotlin\2.9.7\jackson-module-kotlin-2.9.7.jar;C:\Users\elect\.m2\repository\com\fasterxml\jackson\dataformat\jackson-dataformat-yaml\2.9.7\jackson-dataformat-yaml-2.9.7.jar;C:\Users\elect\.m2\repository\graphics\scenery\spirvcrossj\0.4.2\spirvcrossj-0.4.2.jar;C:\Users\elect\.m2\repository\graphics\scenery\spirvcrossj\0.4.2\spirvcrossj-0.4.2-natives-windows.jar;C:\Users\elect\.m2\repository\org\jetbrains\kotlin\kotlin-test-junit\1.3.0\kotlin-test-junit-1.3.0.jar;C:\Users\elect\.m2\repository\org\jetbrains\kotlin\kotlin-test-annotations-common\1.3.0\kotlin-test-annotations-common-1.3.0.jar;C:\Users\elect\.m2\repository\org\jetbrains\kotlin\kotlin-test\1.3.0\kotlin-test-1.3.0.jar;C:\Users\elect\.m2\repository\org\jetbrains\kotlin\kotlin-test-common\1.3.0\kotlin-test-common-1.3.0.jar;C:\Users\elect\.m2\repository\org\zeromq\jeromq\0.4.3\jeromq-0.4.3.jar;C:\Users\elect\.m2\repository\org\zeromq\jnacl\0.1.0\jnacl-0.1.0.jar;C:\Users\elect\.m2\repository\com\esotericsoftware\kryo\4.0.2\kryo-4.0.2.jar;C:\Users\elect\.m2\repository\com\esotericsoftware\reflectasm\1.11.3\reflectasm-1.11.3.jar;C:\Users\elect\.m2\repository\org\ow2\asm\asm\5.0.4\asm-5.0.4.jar;C:\Users\elect\.m2\repository\com\esotericsoftware\minlog\1.3.0\minlog-1.3.0.jar;C:\Users\elect\.m2\repository\org\objenesis\objenesis\2.5.1\objenesis-2.5.1.jar;C:\Users\elect\.m2\repository\org\msgpack\msgpack-core\0.8.16\msgpack-core-0.8.16.jar;C:\Users\elect\.m2\repository\org\msgpack\jackson-dataformat-msgpack\0.8.16\jackson-dataformat-msgpack-0.8.16.jar;C:\Users\elect\.m2\repository\graphics\scenery\jvrpn\1.1.0\jvrpn-1.1.0.jar;C:\Users\elect\.m2\repository\graphics\scenery\jvrpn\1.1.0\jvrpn-1.1.0-natives-windows.jar;C:\Users\elect\.m2\repository\io\scif\scifio\0.37.2\scifio-0.37.2.jar;C:\Users\elect\.m2\repository\io\scif\scifio-jai-imageio\1.1.1\scifio-jai-imageio-1.1.1.jar;C:\Users\elect\.m2\repository\net\imagej\imagej-common\0.26.1\imagej-common-0.26.1.jar;C:\Users\elect\.m2\repository\net\imglib2\imglib2-roi\0.5.2\imglib2-roi-0.5.2.jar;C:\Users\elect\.m2\repository\net\imglib2\imglib2-realtransform\2.0.0\imglib2-realtransform-2.0.0.jar;C:\Users\elect\.m2\repository\gov\nist\math\jama\1.0.3\jama-1.0.3.jar;C:\Users\elect\.m2\repository\jitk\jitk-tps\3.0.0\jitk-tps-3.0.0.jar;C:\Users\elect\.m2\repository\com\googlecode\efficient-java-matrix-library\ejml\0.24\ejml-0.24.jar;C:\Users\elect\.m2\repository\log4j\log4j\1.2.17\log4j-1.2.17.jar;C:\Users\elect\.m2\repository\edu\ucar\udunits\4.3.18\udunits-4.3.18.jar;C:\Users\elect\.m2\repository\net\imglib2\imglib2\5.5.0\imglib2-5.5.0.jar;C:\Users\elect\.m2\repository\net\imglib2\imglib2-cache\1.0.0-beta-9\imglib2-cache-1.0.0-beta-9.jar;C:\Users\elect\.m2\repository\com\github\ben-manes\caffeine\caffeine\2.4.0\caffeine-2.4.0.jar;C:\Users\elect\.m2\repository\org\bytedeco\javacpp-presets\ffmpeg-platform\4.0.2-1.4.3\ffmpeg-platform-4.0.2-1.4.3.jar;C:\Users\elect\.m2\repository\org\bytedeco\javacpp-presets\ffmpeg\4.0.2-1.4.3\ffmpeg-4.0.2-1.4.3.jar;C:\Users\elect\.m2\repository\org\bytedeco\javacpp\1.4.3\javacpp-1.4.3.jar;C:\Users\elect\.m2\repository\org\bytedeco\javacpp-presets\ffmpeg\4.0.2-1.4.3\ffmpeg-4.0.2-1.4.3-android-arm.jar;C:\Users\elect\.m2\repository\org\bytedeco\javacpp-presets\ffmpeg\4.0.2-1.4.3\ffmpeg-4.0.2-1.4.3-android-arm64.jar;C:\Users\elect\.m2\repository\org\bytedeco\javacpp-presets\ffmpeg\4.0.2-1.4.3\ffmpeg-4.0.2-1.4.3-android-x86.jar;C:\Users\elect\.m2\repository\org\bytedeco\javacpp-presets\ffmpeg\4.0.2-1.4.3\ffmpeg-4.0.2-1.4.3-android-x86_64.jar;C:\Users\elect\.m2\repository\org\bytedeco\javacpp-presets\ffmpeg\4.0.2-1.4.3\ffmpeg-4.0.2-1.4.3-linux-x86.jar;C:\Users\elect\.m2\repository\org\bytedeco\javacpp-presets\ffmpeg\4.0.2-1.4.3\ffmpeg-4.0.2-1.4.3-linux-x86_64.jar;C:\Users\elect\.m2\repository\org\bytedeco\javacpp-presets\ffmpeg\4.0.2-1.4.3\ffmpeg-4.0.2-1.4.3-linux-armhf.jar;C:\Users\elect\.m2\repository\org\bytedeco\javacpp-presets\ffmpeg\4.0.2-1.4.3\ffmpeg-4.0.2-1.4.3-linux-ppc64le.jar;C:\Users\elect\.m2\repository\org\bytedeco\javacpp-presets\ffmpeg\4.0.2-1.4.3\ffmpeg-4.0.2-1.4.3-macosx-x86_64.jar;C:\Users\elect\.m2\repository\org\bytedeco\javacpp-presets\ffmpeg\4.0.2-1.4.3\ffmpeg-4.0.2-1.4.3-windows-x86.jar;C:\Users\elect\.m2\repository\org\bytedeco\javacpp-presets\ffmpeg\4.0.2-1.4.3\ffmpeg-4.0.2-1.4.3-windows-x86_64.jar;C:\Users\elect\.m2\repository\org\reflections\reflections\0.9.11\reflections-0.9.11.jar;C:\Users\elect\.m2\repository\com\google\guava\guava\21.0\guava-21.0.jar;C:\Users\elect\.m2\repository\org\javassist\javassist\3.22.0-GA\javassist-3.22.0-GA.jar;C:\Users\elect\.m2\repository\com\github\kotlin-graphics\uno-sdk\a35ce3611be34bcc0ca790dd1af47adb0580c9ee\uno-sdk-a35ce3611be34bcc0ca790dd1af47adb0580c9ee.jar;C:\Users\elect\.m2\repository\com\github\kotlin-graphics\gln\f1e357953dd3dd8a5685d76ead6b2090376ad003\gln-f1e357953dd3dd8a5685d76ead6b2090376ad003.jar;C:\Users\elect\.m2\repository\com\github\kotlin-graphics\gli\6db30b00a6d3f6fc911842cf86973ec8a407aa79\gli-6db30b00a6d3f6fc911842cf86973ec8a407aa79.jar;C:\Users\elect\.m2\repository\com\github\kotlin-graphics\glm\glm\375708cf1c0942b0df9d624acddb1c9993f6d92d\glm-375708cf1c0942b0df9d624acddb1c9993f6d92d.jar;C:\Users\elect\.m2\repository\com\github\kotlin-graphics\kotlin-unsigned\3538d42beb064972946c92fe839dc76e2a4d3ec2\kotlin-unsigned-3538d42beb064972946c92fe839dc76e2a4d3ec2.jar;C:\Users\elect\.m2\repository\com\github\kotlin-graphics\kool\a77c7291389c360f1b2a4939ed5b000ddccb8f27\kool-a77c7291389c360f1b2a4939ed5b000ddccb8f27.jar;C:\Users\elect\.m2\repository\com\github\kotlin-graphics\vkk\bc7ce78f4c56c1ad5869eb59bb3d6d9dcde269ad\vkk-bc7ce78f4c56c1ad5869eb59bb3d6d9dcde269ad.jar;C:\Users\elect\.m2\repository\graphics\scenery\spirvcrossj\0.5.0-1.1.85\spirvcrossj-0.5.0-1.1.85-natives-linux.jar;C:\Users\elect\.m2\repository\org\lwjgl\lwjgl-openal\3.2.1-SNAPSHOT\lwjgl-openal-3.2.1-SNAPSHOT.jar;C:\Users\elect\.m2\repository\org\lwjgl\lwjgl-stb\3.2.1-SNAPSHOT\lwjgl-stb-3.2.1-SNAPSHOT.jar;C:\Users\elect\.m2\repository\org\lwjgl\lwjgl-jawt\3.2.1-SNAPSHOT\lwjgl-jawt-3.2.1-SNAPSHOT.jar;C:\Users\elect\.m2\repository\org\lwjgl\lwjgl\3.2.1-SNAPSHOT\lwjgl-3.2.1-SNAPSHOT-natives-linux.jar;C:\Users\elect\.m2\repository\org\lwjgl\lwjgl-glfw\3.2.1-SNAPSHOT\lwjgl-glfw-3.2.1-SNAPSHOT-natives-linux.jar;C:\Users\elect\.m2\repository\org\lwjgl\lwjgl-jemalloc\3.2.1-SNAPSHOT\lwjgl-jemalloc-3.2.1-SNAPSHOT-natives-linux.jar;C:\Users\elect\.m2\repository\org\lwjgl\lwjgl-openal\3.2.1-SNAPSHOT\lwjgl-openal-3.2.1-SNAPSHOT-natives-linux.jar;C:\Users\elect\.m2\repository\org\lwjgl\lwjgl-opengl\3.2.1-SNAPSHOT\lwjgl-opengl-3.2.1-SNAPSHOT-natives-linux.jar;C:\Users\elect\.m2\repository\org\lwjgl\lwjgl-stb\3.2.1-SNAPSHOT\lwjgl-stb-3.2.1-SNAPSHOT-natives-linux.jar;"/>
        <property name="java.vm.vendor" value="Oracle Corporation"/>
        <property name="sun.arch.data.model" value="64"/>
        <property name="user.variant" value=""/>
        <property name="java.vendor.url" value="http://java.oracle.com/"/>
        <property name="user.timezone" value=""/>
        <property name="user.country.format" value="DE"/>
        <property name="java.vm.specification.version" value="1.8"/>
        <property name="os.name" value="Windows 10"/>
        <property name="user.country" value="GB"/>
        <property name="sun.java.launcher" value="SUN_STANDARD"/>
        <property name="sun.boot.library.path" value="C:\Program Files\Java\jdk1.8.0_192\jre\bin"/>
        <property name="sun.java.command"
                  value="C:\Users\elect\AppData\Local\Temp\surefire4286972388962193113\surefirebooter2592378047021782105.jar C:\Users\elect\AppData\Local\Temp\surefire4286972388962193113 2018-12-06T15-20-53_138-jvmRun1 surefire8252302758967842332tmp surefire_05170141897158015793tmp"/>
        <property name="surefire.test.class.path"
                  value="C:\Users\elect\IdeaProjects\scenery\target\test-classes;C:\Users\elect\IdeaProjects\scenery\target\classes;C:\Users\elect\.m2\repository\org\jetbrains\kotlin\kotlin-stdlib-jdk8\1.3.0\kotlin-stdlib-jdk8-1.3.0.jar;C:\Users\elect\.m2\repository\org\jetbrains\kotlin\kotlin-stdlib\1.3.0\kotlin-stdlib-1.3.0.jar;C:\Users\elect\.m2\repository\org\jetbrains\kotlin\kotlin-stdlib-common\1.3.0\kotlin-stdlib-common-1.3.0.jar;C:\Users\elect\.m2\repository\org\jetbrains\annotations\13.0\annotations-13.0.jar;C:\Users\elect\.m2\repository\org\jetbrains\kotlin\kotlin-stdlib-jdk7\1.3.0\kotlin-stdlib-jdk7-1.3.0.jar;C:\Users\elect\.m2\repository\org\jetbrains\kotlin\kotlin-reflect\1.3.0\kotlin-reflect-1.3.0.jar;C:\Users\elect\.m2\repository\org\jetbrains\kotlinx\kotlinx-coroutines-core\1.0.0\kotlinx-coroutines-core-1.0.0.jar;C:\Users\elect\.m2\repository\org\jetbrains\kotlinx\kotlinx-coroutines-core-common\1.0.0\kotlinx-coroutines-core-common-1.0.0.jar;C:\Users\elect\.m2\repository\org\jogamp\gluegen\gluegen-rt-main\2.3.2\gluegen-rt-main-2.3.2.jar;C:\Users\elect\.m2\repository\org\jogamp\gluegen\gluegen-rt\2.3.2\gluegen-rt-2.3.2.jar;C:\Users\elect\.m2\repository\org\jogamp\gluegen\gluegen-rt\2.3.2\gluegen-rt-2.3.2-natives-android-aarch64.jar;C:\Users\elect\.m2\repository\org\jogamp\gluegen\gluegen-rt\2.3.2\gluegen-rt-2.3.2-natives-android-armv6.jar;C:\Users\elect\.m2\repository\org\jogamp\gluegen\gluegen-rt\2.3.2\gluegen-rt-2.3.2-natives-linux-amd64.jar;C:\Users\elect\.m2\repository\org\jogamp\gluegen\gluegen-rt\2.3.2\gluegen-rt-2.3.2-natives-linux-armv6.jar;C:\Users\elect\.m2\repository\org\jogamp\gluegen\gluegen-rt\2.3.2\gluegen-rt-2.3.2-natives-linux-armv6hf.jar;C:\Users\elect\.m2\repository\org\jogamp\gluegen\gluegen-rt\2.3.2\gluegen-rt-2.3.2-natives-linux-i586.jar;C:\Users\elect\.m2\repository\org\jogamp\gluegen\gluegen-rt\2.3.2\gluegen-rt-2.3.2-natives-macosx-universal.jar;C:\Users\elect\.m2\repository\org\jogamp\gluegen\gluegen-rt\2.3.2\gluegen-rt-2.3.2-natives-solaris-amd64.jar;C:\Users\elect\.m2\repository\org\jogamp\gluegen\gluegen-rt\2.3.2\gluegen-rt-2.3.2-natives-solaris-i586.jar;C:\Users\elect\.m2\repository\org\jogamp\gluegen\gluegen-rt\2.3.2\gluegen-rt-2.3.2-natives-windows-amd64.jar;C:\Users\elect\.m2\repository\org\jogamp\gluegen\gluegen-rt\2.3.2\gluegen-rt-2.3.2-natives-windows-i586.jar;C:\Users\elect\.m2\repository\org\jogamp\jogl\jogl-all-main\2.3.2\jogl-all-main-2.3.2.jar;C:\Users\elect\.m2\repository\org\jogamp\jogl\jogl-all\2.3.2\jogl-all-2.3.2.jar;C:\Users\elect\.m2\repository\org\jogamp\jogl\jogl-all\2.3.2\jogl-all-2.3.2-natives-android-aarch64.jar;C:\Users\elect\.m2\repository\org\jogamp\jogl\jogl-all\2.3.2\jogl-all-2.3.2-natives-android-armv6.jar;C:\Users\elect\.m2\repository\org\jogamp\jogl\jogl-all\2.3.2\jogl-all-2.3.2-natives-linux-amd64.jar;C:\Users\elect\.m2\repository\org\jogamp\jogl\jogl-all\2.3.2\jogl-all-2.3.2-natives-linux-armv6.jar;C:\Users\elect\.m2\repository\org\jogamp\jogl\jogl-all\2.3.2\jogl-all-2.3.2-natives-linux-armv6hf.jar;C:\Users\elect\.m2\repository\org\jogamp\jogl\jogl-all\2.3.2\jogl-all-2.3.2-natives-linux-i586.jar;C:\Users\elect\.m2\repository\org\jogamp\jogl\jogl-all\2.3.2\jogl-all-2.3.2-natives-macosx-universal.jar;C:\Users\elect\.m2\repository\org\jogamp\jogl\jogl-all\2.3.2\jogl-all-2.3.2-natives-solaris-amd64.jar;C:\Users\elect\.m2\repository\org\jogamp\jogl\jogl-all\2.3.2\jogl-all-2.3.2-natives-solaris-i586.jar;C:\Users\elect\.m2\repository\org\jogamp\jogl\jogl-all\2.3.2\jogl-all-2.3.2-natives-windows-amd64.jar;C:\Users\elect\.m2\repository\org\jogamp\jogl\jogl-all\2.3.2\jogl-all-2.3.2-natives-windows-i586.jar;C:\Users\elect\.m2\repository\junit\junit\4.12\junit-4.12.jar;C:\Users\elect\.m2\repository\org\hamcrest\hamcrest-core\1.3\hamcrest-core-1.3.jar;C:\Users\elect\.m2\repository\org\slf4j\slf4j-api\1.7.25\slf4j-api-1.7.25.jar;C:\Users\elect\.m2\repository\org\slf4j\slf4j-simple\1.7.25\slf4j-simple-1.7.25.jar;C:\Users\elect\.m2\repository\net\clearvolume\cleargl\2.2.1\cleargl-2.2.1.jar;C:\Users\elect\.m2\repository\net\clearcontrol\coremem\0.4.6\coremem-0.4.6.jar;C:\Users\elect\.m2\repository\com\nativelibs4java\bridj\0.7.0\bridj-0.7.0.jar;C:\Users\elect\.m2\repository\net\java\jinput\jinput\2.0.9\jinput-2.0.9.jar;C:\Users\elect\.m2\repository\net\java\jinput\jinput\2.0.9\jinput-2.0.9-natives-all.jar;C:\Users\elect\.m2\repository\org\scijava\scijava-common\2.75.0\scijava-common-2.75.0.jar;C:\Users\elect\.m2\repository\org\scijava\parsington\1.0.3\parsington-1.0.3.jar;C:\Users\elect\.m2\repository\org\bushe\eventbus\1.4\eventbus-1.4.jar;C:\Users\elect\.m2\repository\org\scijava\script-editor\0.3.0\script-editor-0.3.0.jar;C:\Users\elect\.m2\repository\org\scijava\scripting-java\0.4.1\scripting-java-0.4.1.jar;C:\Users\elect\.m2\repository\org\scijava\minimaven\2.2.1\minimaven-2.2.1.jar;C:\Users\elect\.m2\repository\com\fifesoft\rsyntaxtextarea\2.6.1\rsyntaxtextarea-2.6.1.jar;C:\Users\elect\.m2\repository\com\fifesoft\languagesupport\2.6.0\languagesupport-2.6.0.jar;C:\Users\elect\.m2\repository\com\fifesoft\autocomplete\2.6.1\autocomplete-2.6.1.jar;C:\Users\elect\.m2\repository\org\mozilla\rhino\1.7.6\rhino-1.7.6.jar;C:\Users\elect\.m2\repository\com\miglayout\miglayout\3.7.4\miglayout-3.7.4-swing.jar;C:\Users\elect\.m2\repository\org\scijava\batch-processor\0.2.0\batch-processor-0.2.0.jar;C:\Users\elect\.m2\repository\org\scijava\scijava-ui-swing\0.11.0\scijava-ui-swing-0.11.0.jar;C:\Users\elect\.m2\repository\org\scijava\scijava-ui-awt\0.1.6\scijava-ui-awt-0.1.6.jar;C:\Users\elect\.m2\repository\org\scijava\swing-checkbox-tree\1.0.2\swing-checkbox-tree-1.0.2.jar;C:\Users\elect\.m2\repository\com\github\sbridges\object-inspector\object-inspector\0.1\object-inspector-0.1.jar;C:\Users\elect\.m2\repository\net\sourceforge\jdatepicker\jdatepicker\1.3.2\jdatepicker-1.3.2.jar;C:\Users\elect\.m2\repository\org\scijava\scijava-search\0.5.0\scijava-search-0.5.0.jar;C:\Users\elect\.m2\repository\org\ocpsoft\prettytime\prettytime\4.0.1.Final\prettytime-4.0.1.Final.jar;C:\Users\elect\.m2\repository\commons-io\commons-io\2.6\commons-io-2.6.jar;C:\Users\elect\.m2\repository\org\scijava\ui-behaviour\1.7.3\ui-behaviour-1.7.3.jar;C:\Users\elect\.m2\repository\com\google\code\gson\gson\2.8.5\gson-2.8.5.jar;C:\Users\elect\.m2\repository\org\yaml\snakeyaml\1.13\snakeyaml-1.13.jar;C:\Users\elect\.m2\repository\net\sf\trove4j\trove4j\3.0.3\trove4j-3.0.3.jar;C:\Users\elect\.m2\repository\org\scijava\scripting-javascript\0.4.4\scripting-javascript-0.4.4.jar;C:\Users\elect\.m2\repository\net\java\dev\jna\jna\4.5.2\jna-4.5.2.jar;C:\Users\elect\.m2\repository\net\java\dev\jna\jna-platform\4.5.2\jna-platform-4.5.2.jar;C:\Users\elect\.m2\repository\org\jocl\jocl\2.0.1\jocl-2.0.1.jar;C:\Users\elect\.m2\repository\org\lwjgl\lwjgl\3.2.1-SNAPSHOT\lwjgl-3.2.1-SNAPSHOT.jar;C:\Users\elect\.m2\repository\org\lwjgl\lwjgl-glfw\3.2.1-SNAPSHOT\lwjgl-glfw-3.2.1-SNAPSHOT.jar;C:\Users\elect\.m2\repository\org\lwjgl\lwjgl-jemalloc\3.2.1-SNAPSHOT\lwjgl-jemalloc-3.2.1-SNAPSHOT.jar;C:\Users\elect\.m2\repository\org\lwjgl\lwjgl-vulkan\3.2.1-SNAPSHOT\lwjgl-vulkan-3.2.1-SNAPSHOT.jar;C:\Users\elect\.m2\repository\org\lwjgl\lwjgl-opengl\3.2.1-SNAPSHOT\lwjgl-opengl-3.2.1-SNAPSHOT.jar;C:\Users\elect\.m2\repository\org\lwjgl\lwjgl-openvr\3.2.1-SNAPSHOT\lwjgl-openvr-3.2.1-SNAPSHOT.jar;C:\Users\elect\.m2\repository\org\lwjgl\lwjgl\3.2.1-SNAPSHOT\lwjgl-3.2.1-SNAPSHOT-natives-windows.jar;C:\Users\elect\.m2\repository\org\lwjgl\lwjgl-opengl\3.2.1-SNAPSHOT\lwjgl-opengl-3.2.1-SNAPSHOT-natives-windows.jar;C:\Users\elect\.m2\repository\org\lwjgl\lwjgl-glfw\3.2.1-SNAPSHOT\lwjgl-glfw-3.2.1-SNAPSHOT-natives-windows.jar;C:\Users\elect\.m2\repository\org\lwjgl\lwjgl-jemalloc\3.2.1-SNAPSHOT\lwjgl-jemalloc-3.2.1-SNAPSHOT-natives-windows.jar;C:\Users\elect\.m2\repository\org\lwjgl\lwjgl-openvr\3.2.1-SNAPSHOT\lwjgl-openvr-3.2.1-SNAPSHOT-natives-windows.jar;C:\Users\elect\.m2\repository\com\fasterxml\jackson\core\jackson-databind\2.9.7\jackson-databind-2.9.7.jar;C:\Users\elect\.m2\repository\com\fasterxml\jackson\core\jackson-annotations\2.9.0\jackson-annotations-2.9.0.jar;C:\Users\elect\.m2\repository\com\fasterxml\jackson\core\jackson-core\2.9.7\jackson-core-2.9.7.jar;C:\Users\elect\.m2\repository\com\fasterxml\jackson\module\jackson-module-kotlin\2.9.7\jackson-module-kotlin-2.9.7.jar;C:\Users\elect\.m2\repository\com\fasterxml\jackson\dataformat\jackson-dataformat-yaml\2.9.7\jackson-dataformat-yaml-2.9.7.jar;C:\Users\elect\.m2\repository\graphics\scenery\spirvcrossj\0.4.2\spirvcrossj-0.4.2.jar;C:\Users\elect\.m2\repository\graphics\scenery\spirvcrossj\0.4.2\spirvcrossj-0.4.2-natives-windows.jar;C:\Users\elect\.m2\repository\org\jetbrains\kotlin\kotlin-test-junit\1.3.0\kotlin-test-junit-1.3.0.jar;C:\Users\elect\.m2\repository\org\jetbrains\kotlin\kotlin-test-annotations-common\1.3.0\kotlin-test-annotations-common-1.3.0.jar;C:\Users\elect\.m2\repository\org\jetbrains\kotlin\kotlin-test\1.3.0\kotlin-test-1.3.0.jar;C:\Users\elect\.m2\repository\org\jetbrains\kotlin\kotlin-test-common\1.3.0\kotlin-test-common-1.3.0.jar;C:\Users\elect\.m2\repository\org\zeromq\jeromq\0.4.3\jeromq-0.4.3.jar;C:\Users\elect\.m2\repository\org\zeromq\jnacl\0.1.0\jnacl-0.1.0.jar;C:\Users\elect\.m2\repository\com\esotericsoftware\kryo\4.0.2\kryo-4.0.2.jar;C:\Users\elect\.m2\repository\com\esotericsoftware\reflectasm\1.11.3\reflectasm-1.11.3.jar;C:\Users\elect\.m2\repository\org\ow2\asm\asm\5.0.4\asm-5.0.4.jar;C:\Users\elect\.m2\repository\com\esotericsoftware\minlog\1.3.0\minlog-1.3.0.jar;C:\Users\elect\.m2\repository\org\objenesis\objenesis\2.5.1\objenesis-2.5.1.jar;C:\Users\elect\.m2\repository\org\msgpack\msgpack-core\0.8.16\msgpack-core-0.8.16.jar;C:\Users\elect\.m2\repository\org\msgpack\jackson-dataformat-msgpack\0.8.16\jackson-dataformat-msgpack-0.8.16.jar;C:\Users\elect\.m2\repository\graphics\scenery\jvrpn\1.1.0\jvrpn-1.1.0.jar;C:\Users\elect\.m2\repository\graphics\scenery\jvrpn\1.1.0\jvrpn-1.1.0-natives-windows.jar;C:\Users\elect\.m2\repository\io\scif\scifio\0.37.2\scifio-0.37.2.jar;C:\Users\elect\.m2\repository\io\scif\scifio-jai-imageio\1.1.1\scifio-jai-imageio-1.1.1.jar;C:\Users\elect\.m2\repository\net\imagej\imagej-common\0.26.1\imagej-common-0.26.1.jar;C:\Users\elect\.m2\repository\net\imglib2\imglib2-roi\0.5.2\imglib2-roi-0.5.2.jar;C:\Users\elect\.m2\repository\net\imglib2\imglib2-realtransform\2.0.0\imglib2-realtransform-2.0.0.jar;C:\Users\elect\.m2\repository\gov\nist\math\jama\1.0.3\jama-1.0.3.jar;C:\Users\elect\.m2\repository\jitk\jitk-tps\3.0.0\jitk-tps-3.0.0.jar;C:\Users\elect\.m2\repository\com\googlecode\efficient-java-matrix-library\ejml\0.24\ejml-0.24.jar;C:\Users\elect\.m2\repository\log4j\log4j\1.2.17\log4j-1.2.17.jar;C:\Users\elect\.m2\repository\edu\ucar\udunits\4.3.18\udunits-4.3.18.jar;C:\Users\elect\.m2\repository\net\imglib2\imglib2\5.5.0\imglib2-5.5.0.jar;C:\Users\elect\.m2\repository\net\imglib2\imglib2-cache\1.0.0-beta-9\imglib2-cache-1.0.0-beta-9.jar;C:\Users\elect\.m2\repository\com\github\ben-manes\caffeine\caffeine\2.4.0\caffeine-2.4.0.jar;C:\Users\elect\.m2\repository\org\bytedeco\javacpp-presets\ffmpeg-platform\4.0.2-1.4.3\ffmpeg-platform-4.0.2-1.4.3.jar;C:\Users\elect\.m2\repository\org\bytedeco\javacpp-presets\ffmpeg\4.0.2-1.4.3\ffmpeg-4.0.2-1.4.3.jar;C:\Users\elect\.m2\repository\org\bytedeco\javacpp\1.4.3\javacpp-1.4.3.jar;C:\Users\elect\.m2\repository\org\bytedeco\javacpp-presets\ffmpeg\4.0.2-1.4.3\ffmpeg-4.0.2-1.4.3-android-arm.jar;C:\Users\elect\.m2\repository\org\bytedeco\javacpp-presets\ffmpeg\4.0.2-1.4.3\ffmpeg-4.0.2-1.4.3-android-arm64.jar;C:\Users\elect\.m2\repository\org\bytedeco\javacpp-presets\ffmpeg\4.0.2-1.4.3\ffmpeg-4.0.2-1.4.3-android-x86.jar;C:\Users\elect\.m2\repository\org\bytedeco\javacpp-presets\ffmpeg\4.0.2-1.4.3\ffmpeg-4.0.2-1.4.3-android-x86_64.jar;C:\Users\elect\.m2\repository\org\bytedeco\javacpp-presets\ffmpeg\4.0.2-1.4.3\ffmpeg-4.0.2-1.4.3-linux-x86.jar;C:\Users\elect\.m2\repository\org\bytedeco\javacpp-presets\ffmpeg\4.0.2-1.4.3\ffmpeg-4.0.2-1.4.3-linux-x86_64.jar;C:\Users\elect\.m2\repository\org\bytedeco\javacpp-presets\ffmpeg\4.0.2-1.4.3\ffmpeg-4.0.2-1.4.3-linux-armhf.jar;C:\Users\elect\.m2\repository\org\bytedeco\javacpp-presets\ffmpeg\4.0.2-1.4.3\ffmpeg-4.0.2-1.4.3-linux-ppc64le.jar;C:\Users\elect\.m2\repository\org\bytedeco\javacpp-presets\ffmpeg\4.0.2-1.4.3\ffmpeg-4.0.2-1.4.3-macosx-x86_64.jar;C:\Users\elect\.m2\repository\org\bytedeco\javacpp-presets\ffmpeg\4.0.2-1.4.3\ffmpeg-4.0.2-1.4.3-windows-x86.jar;C:\Users\elect\.m2\repository\org\bytedeco\javacpp-presets\ffmpeg\4.0.2-1.4.3\ffmpeg-4.0.2-1.4.3-windows-x86_64.jar;C:\Users\elect\.m2\repository\org\reflections\reflections\0.9.11\reflections-0.9.11.jar;C:\Users\elect\.m2\repository\com\google\guava\guava\21.0\guava-21.0.jar;C:\Users\elect\.m2\repository\org\javassist\javassist\3.22.0-GA\javassist-3.22.0-GA.jar;C:\Users\elect\.m2\repository\com\github\kotlin-graphics\uno-sdk\a35ce3611be34bcc0ca790dd1af47adb0580c9ee\uno-sdk-a35ce3611be34bcc0ca790dd1af47adb0580c9ee.jar;C:\Users\elect\.m2\repository\com\github\kotlin-graphics\gln\f1e357953dd3dd8a5685d76ead6b2090376ad003\gln-f1e357953dd3dd8a5685d76ead6b2090376ad003.jar;C:\Users\elect\.m2\repository\com\github\kotlin-graphics\gli\6db30b00a6d3f6fc911842cf86973ec8a407aa79\gli-6db30b00a6d3f6fc911842cf86973ec8a407aa79.jar;C:\Users\elect\.m2\repository\com\github\kotlin-graphics\glm\glm\375708cf1c0942b0df9d624acddb1c9993f6d92d\glm-375708cf1c0942b0df9d624acddb1c9993f6d92d.jar;C:\Users\elect\.m2\repository\com\github\kotlin-graphics\kotlin-unsigned\3538d42beb064972946c92fe839dc76e2a4d3ec2\kotlin-unsigned-3538d42beb064972946c92fe839dc76e2a4d3ec2.jar;C:\Users\elect\.m2\repository\com\github\kotlin-graphics\kool\a77c7291389c360f1b2a4939ed5b000ddccb8f27\kool-a77c7291389c360f1b2a4939ed5b000ddccb8f27.jar;C:\Users\elect\.m2\repository\com\github\kotlin-graphics\vkk\bc7ce78f4c56c1ad5869eb59bb3d6d9dcde269ad\vkk-bc7ce78f4c56c1ad5869eb59bb3d6d9dcde269ad.jar;C:\Users\elect\.m2\repository\graphics\scenery\spirvcrossj\0.5.0-1.1.85\spirvcrossj-0.5.0-1.1.85-natives-linux.jar;C:\Users\elect\.m2\repository\org\lwjgl\lwjgl-openal\3.2.1-SNAPSHOT\lwjgl-openal-3.2.1-SNAPSHOT.jar;C:\Users\elect\.m2\repository\org\lwjgl\lwjgl-stb\3.2.1-SNAPSHOT\lwjgl-stb-3.2.1-SNAPSHOT.jar;C:\Users\elect\.m2\repository\org\lwjgl\lwjgl-jawt\3.2.1-SNAPSHOT\lwjgl-jawt-3.2.1-SNAPSHOT.jar;C:\Users\elect\.m2\repository\org\lwjgl\lwjgl\3.2.1-SNAPSHOT\lwjgl-3.2.1-SNAPSHOT-natives-linux.jar;C:\Users\elect\.m2\repository\org\lwjgl\lwjgl-glfw\3.2.1-SNAPSHOT\lwjgl-glfw-3.2.1-SNAPSHOT-natives-linux.jar;C:\Users\elect\.m2\repository\org\lwjgl\lwjgl-jemalloc\3.2.1-SNAPSHOT\lwjgl-jemalloc-3.2.1-SNAPSHOT-natives-linux.jar;C:\Users\elect\.m2\repository\org\lwjgl\lwjgl-openal\3.2.1-SNAPSHOT\lwjgl-openal-3.2.1-SNAPSHOT-natives-linux.jar;C:\Users\elect\.m2\repository\org\lwjgl\lwjgl-opengl\3.2.1-SNAPSHOT\lwjgl-opengl-3.2.1-SNAPSHOT-natives-linux.jar;C:\Users\elect\.m2\repository\org\lwjgl\lwjgl-stb\3.2.1-SNAPSHOT\lwjgl-stb-3.2.1-SNAPSHOT-natives-linux.jar;"/>
        <property name="sun.cpu.endian" value="little"/>
        <property name="user.home" value="C:\Users\elect"/>
        <property name="user.language" value="en"/>
        <property name="java.specification.vendor" value="Oracle Corporation"/>
        <property name="java.home" value="C:\Program Files\Java\jdk1.8.0_192\jre"/>
        <property name="basedir" value="C:\Users\elect\IdeaProjects\scenery"/>
        <property name="file.separator" value="\"/>
        <property name="line.separator" value="&#10;"/>
        <property name="java.vm.specification.vendor" value="Oracle Corporation"/>
        <property name="java.specification.name" value="Java Platform API Specification"/>
        <property name="java.awt.graphicsenv" value="sun.awt.Win32GraphicsEnvironment"/>
        <property name="surefire.real.class.path"
                  value="C:\Users\elect\AppData\Local\Temp\surefire4286972388962193113\surefirebooter2592378047021782105.jar;C:\\Users\\elect\\.m2\\repository\\org\\jacoco\\org.jacoco.agent\\0.8.1\\org.jacoco.agent-0.8.1-runtime.jar"/>
        <property name="sun.boot.class.path"
                  value="C:\Program Files\Java\jdk1.8.0_192\jre\lib\resources.jar;C:\Program Files\Java\jdk1.8.0_192\jre\lib\rt.jar;C:\Program Files\Java\jdk1.8.0_192\jre\lib\sunrsasign.jar;C:\Program Files\Java\jdk1.8.0_192\jre\lib\jsse.jar;C:\Program Files\Java\jdk1.8.0_192\jre\lib\jce.jar;C:\Program Files\Java\jdk1.8.0_192\jre\lib\charsets.jar;C:\Program Files\Java\jdk1.8.0_192\jre\lib\jfr.jar;C:\Program Files\Java\jdk1.8.0_192\jre\classes"/>
        <property name="user.script" value=""/>
        <property name="sun.management.compiler" value="HotSpot 64-Bit Tiered Compilers"/>
        <property name="java.runtime.version" value="1.8.0_192-b12"/>
        <property name="user.name" value="elect"/>
        <property name="path.separator" value=";"/>
        <property name="os.version" value="10.0"/>
        <property name="java.endorsed.dirs" value="C:\Program Files\Java\jdk1.8.0_192\jre\lib\endorsed"/>
        <property name="java.runtime.name" value="Java(TM) SE Runtime Environment"/>
        <property name="file.encoding" value="Cp1252"/>
        <property name="java.vm.name" value="Java HotSpot(TM) 64-Bit Server VM"/>
        <property name="localRepository" value="C:\Users\elect\.m2\repository"/>
        <property name="java.vendor.url.bug" value="http://bugreport.sun.com/bugreport/"/>
        <property name="java.io.tmpdir" value="C:\Users\elect\AppData\Local\Temp\"/>
        <property name="idea.version" value="2018.3"/>
        <property name="java.version" value="1.8.0_192"/>
        <property name="user.dir" value="C:\Users\elect\IdeaProjects\scenery"/>
        <property name="os.arch" value="amd64"/>
        <property name="java.vm.specification.name" value="Java Virtual Machine Specification"/>
        <property name="java.awt.printerjob" value="sun.awt.windows.WPrinterJob"/>
        <property name="sun.os.patch.level" value=""/>
        <property name="java.library.path"
                  value="C:\Program Files\Java\jdk1.8.0_192\jre\bin;C:\Windows\Sun\Java\bin;C:\Windows\system32;C:\Windows;C:\VulkanSDK\1.1.85.0\Bin;C:\Program Files (x86)\Common Files\Oracle\Java\javapath2;C:\Windows\system32;C:\Windows;C:\Windows\System32\Wbem;C:\Windows\System32\WindowsPowerShell\v1.0\;C:\Windows\System32\OpenSSH\;C:\Program Files\Git\cmd;C:\Program Files\Java\jdk-11.0.1\bin;C:\Gradle\gradle-4.10.2\bin;C:\Program Files\Microsoft Windows Performance Toolkit\;C:\apache-ant-1.8.2\bin;C:\Users\elect\AppData\Local\Microsoft\WindowsApps;;C:\Program Files\JetBrains\CLion 2018.3\bin;;."/>
        <property name="java.vm.info" value="mixed mode"/>
        <property name="java.vendor" value="Oracle Corporation"/>
        <property name="java.vm.version" value="25.192-b12"/>
        <property name="java.ext.dirs"
                  value="C:\Program Files\Java\jdk1.8.0_192\jre\lib\ext;C:\Windows\Sun\Java\lib\ext"/>
        <property name="sun.io.unicode.encoding" value="UnicodeLittle"/>
        <property name="enforcer.skip" value="true"/>
        <property name="java.class.version" value="52.0"/>
        <property name="jacoco-agent.destfile" value="C:\Users\elect\IdeaProjects\scenery\target/jacoco.exec"/>
    </properties>
    <testcase name="testHashedSerialisation" classname="graphics.scenery.tests.unit.UBOTests" time="0.015"/>
    <testcase name="testOutOfOrderSerialisation" classname="graphics.scenery.tests.unit.UBOTests" time="0"/>
    <testcase name="testInOrderSerialisation" classname="graphics.scenery.tests.unit.UBOTests" time="0"/>
</testsuite>
